#! /usr/bin/vvp
:ivl_version "10.3 (stable)";
:ivl_delay_selection "TYPICAL";
:vpi_time_precision - 9;
:vpi_module "system";
:vpi_module "vhdl_sys";
:vpi_module "v2005_math";
:vpi_module "va_math";
S_0x55ae1ab945c0 .scope module, "sha256_tb" "sha256_tb" 2 3;
 .timescale -9 -9;
v0x55ae1abe1a90_0 .var "clk", 0 0;
v0x55ae1abe1ba0_0 .net "hashvalue", 255 0, L_0x55ae1abf8410;  1 drivers
v0x55ae1abe1cb0_0 .var/i "i", 31 0;
L_0x7f59ec36d018 .functor BUFT 1, C4<01110000011100100110111101101010011001010110001101110100011001100111000001100111011000010010111001100011011011110110110110000000000000000000000000000000000000000000000000000000000000000000000000000000000000000000000000000000000000000000000000000000000000000000000000000000000000000000000000000000000000000000000000000000000000000000000000000000000000000000000000000000000000000000000000000000000000000000000000000000000000000000000000000000000000000000000000000000000000000000000000000000000000000000000001111000>, C4<0>, C4<0>, C4<0>;
v0x55ae1abe1d70_0 .net "message", 0 511, L_0x7f59ec36d018;  1 drivers
v0x55ae1abe1e30_0 .net "ready", 0 0, v0x55ae1abe07a0_0;  1 drivers
v0x55ae1abe1f20_0 .var "reset", 0 0;
S_0x55ae1ab91e60 .scope module, "sha_core" "overall" 2 39, 2 91 0, S_0x55ae1ab945c0;
 .timescale -9 -9;
    .port_info 0 /INPUT 512 "message"
    .port_info 1 /INPUT 1 "clk"
    .port_info 2 /INPUT 1 "reset"
    .port_info 3 /OUTPUT 1 "ready"
    .port_info 4 /OUTPUT 256 "hashvalue"
L_0x55ae1abf4710 .functor NOT 1, v0x55ae1abe07a0_0, C4<0>, C4<0>, C4<0>;
v0x55ae1abde4f0_0 .net *"_s210", 7 0, L_0x55ae1abf4aa0;  1 drivers
L_0x7f59ec36e530 .functor BUFT 1, C4<0>, C4<0>, C4<0>, C4<0>;
v0x55ae1abde5f0_0 .net *"_s213", 0 0, L_0x7f59ec36e530;  1 drivers
v0x55ae1abde6d0_0 .net *"_s216", 7 0, L_0x55ae1abf4c80;  1 drivers
L_0x7f59ec36e578 .functor BUFT 1, C4<0>, C4<0>, C4<0>, C4<0>;
v0x55ae1abde790_0 .net *"_s219", 0 0, L_0x7f59ec36e578;  1 drivers
v0x55ae1abde870_0 .net *"_s222", 7 0, L_0x55ae1abf4eb0;  1 drivers
L_0x7f59ec36e5c0 .functor BUFT 1, C4<0>, C4<0>, C4<0>, C4<0>;
v0x55ae1abde950_0 .net *"_s225", 0 0, L_0x7f59ec36e5c0;  1 drivers
v0x55ae1abdea30_0 .net *"_s228", 7 0, L_0x55ae1abf50d0;  1 drivers
L_0x7f59ec36e608 .functor BUFT 1, C4<0>, C4<0>, C4<0>, C4<0>;
v0x55ae1abdeb10_0 .net *"_s231", 0 0, L_0x7f59ec36e608;  1 drivers
v0x55ae1abdebf0_0 .net "clk", 0 0, v0x55ae1abe1a90_0;  1 drivers
v0x55ae1abded20_0 .var "count", 6 0;
v0x55ae1abdede0_0 .var "count15", 6 0;
v0x55ae1abdeec0_0 .var "count16", 6 0;
v0x55ae1abdefa0_0 .var "count2", 6 0;
v0x55ae1abdf080_0 .var "count7", 6 0;
v0x55ae1abdf160_0 .var "count_hash", 6 0;
v0x55ae1abdf240_0 .var "done", 0 0;
L_0x7f59ec36e260 .functor BUFT 1, C4<01101010000010011110011001100111>, C4<0>, C4<0>, C4<0>;
v0x55ae1abdf300_0 .net "h0", 31 0, L_0x7f59ec36e260;  1 drivers
L_0x7f59ec36e2a8 .functor BUFT 1, C4<10111011011001111010111010000101>, C4<0>, C4<0>, C4<0>;
v0x55ae1abdf3f0_0 .net "h1", 31 0, L_0x7f59ec36e2a8;  1 drivers
L_0x7f59ec36e2f0 .functor BUFT 1, C4<00111100011011101111001101110010>, C4<0>, C4<0>, C4<0>;
v0x55ae1abdf4c0_0 .net "h2", 31 0, L_0x7f59ec36e2f0;  1 drivers
L_0x7f59ec36e338 .functor BUFT 1, C4<10100101010011111111010100111010>, C4<0>, C4<0>, C4<0>;
v0x55ae1abdf590_0 .net "h3", 31 0, L_0x7f59ec36e338;  1 drivers
L_0x7f59ec36e380 .functor BUFT 1, C4<01010001000011100101001001111111>, C4<0>, C4<0>, C4<0>;
v0x55ae1abdf660_0 .net "h4", 31 0, L_0x7f59ec36e380;  1 drivers
L_0x7f59ec36e3c8 .functor BUFT 1, C4<10011011000001010110100010001100>, C4<0>, C4<0>, C4<0>;
v0x55ae1abdf730_0 .net "h5", 31 0, L_0x7f59ec36e3c8;  1 drivers
L_0x7f59ec36e410 .functor BUFT 1, C4<00011111100000111101100110101011>, C4<0>, C4<0>, C4<0>;
v0x55ae1abdf800_0 .net "h6", 31 0, L_0x7f59ec36e410;  1 drivers
L_0x7f59ec36e458 .functor BUFT 1, C4<01011011111000001100110100011001>, C4<0>, C4<0>, C4<0>;
v0x55ae1abdf8d0_0 .net "h7", 31 0, L_0x7f59ec36e458;  1 drivers
v0x55ae1abdf9a0_0 .net "hashvalue", 255 0, L_0x55ae1abf8410;  alias, 1 drivers
v0x55ae1abdfa70_0 .var/i "i", 31 0;
L_0x7f59ec36d060 .functor BUFT 1, C4<01000010100010100010111110011000>, C4<0>, C4<0>, C4<0>;
v0x55ae1abdfb30 .array "k", 63 0;
v0x55ae1abdfb30_0 .net v0x55ae1abdfb30 0, 31 0, L_0x7f59ec36d060; 1 drivers
L_0x7f59ec36d0a8 .functor BUFT 1, C4<01110001001101110100010010010001>, C4<0>, C4<0>, C4<0>;
v0x55ae1abdfb30_1 .net v0x55ae1abdfb30 1, 31 0, L_0x7f59ec36d0a8; 1 drivers
L_0x7f59ec36d0f0 .functor BUFT 1, C4<10110101110000001111101111001111>, C4<0>, C4<0>, C4<0>;
v0x55ae1abdfb30_2 .net v0x55ae1abdfb30 2, 31 0, L_0x7f59ec36d0f0; 1 drivers
L_0x7f59ec36d138 .functor BUFT 1, C4<11101001101101011101101110100101>, C4<0>, C4<0>, C4<0>;
v0x55ae1abdfb30_3 .net v0x55ae1abdfb30 3, 31 0, L_0x7f59ec36d138; 1 drivers
L_0x7f59ec36d180 .functor BUFT 1, C4<00111001010101101100001001011011>, C4<0>, C4<0>, C4<0>;
v0x55ae1abdfb30_4 .net v0x55ae1abdfb30 4, 31 0, L_0x7f59ec36d180; 1 drivers
L_0x7f59ec36d1c8 .functor BUFT 1, C4<01011001111100010001000111110001>, C4<0>, C4<0>, C4<0>;
v0x55ae1abdfb30_5 .net v0x55ae1abdfb30 5, 31 0, L_0x7f59ec36d1c8; 1 drivers
L_0x7f59ec36d210 .functor BUFT 1, C4<10010010001111111000001010100100>, C4<0>, C4<0>, C4<0>;
v0x55ae1abdfb30_6 .net v0x55ae1abdfb30 6, 31 0, L_0x7f59ec36d210; 1 drivers
L_0x7f59ec36d258 .functor BUFT 1, C4<10101011000111000101111011010101>, C4<0>, C4<0>, C4<0>;
v0x55ae1abdfb30_7 .net v0x55ae1abdfb30 7, 31 0, L_0x7f59ec36d258; 1 drivers
L_0x7f59ec36d2a0 .functor BUFT 1, C4<11011000000001111010101010011000>, C4<0>, C4<0>, C4<0>;
v0x55ae1abdfb30_8 .net v0x55ae1abdfb30 8, 31 0, L_0x7f59ec36d2a0; 1 drivers
L_0x7f59ec36d2e8 .functor BUFT 1, C4<00010010100000110101101100000001>, C4<0>, C4<0>, C4<0>;
v0x55ae1abdfb30_9 .net v0x55ae1abdfb30 9, 31 0, L_0x7f59ec36d2e8; 1 drivers
L_0x7f59ec36d330 .functor BUFT 1, C4<00100100001100011000010110111110>, C4<0>, C4<0>, C4<0>;
v0x55ae1abdfb30_10 .net v0x55ae1abdfb30 10, 31 0, L_0x7f59ec36d330; 1 drivers
L_0x7f59ec36d378 .functor BUFT 1, C4<01010101000011000111110111000011>, C4<0>, C4<0>, C4<0>;
v0x55ae1abdfb30_11 .net v0x55ae1abdfb30 11, 31 0, L_0x7f59ec36d378; 1 drivers
L_0x7f59ec36d3c0 .functor BUFT 1, C4<01110010101111100101110101110100>, C4<0>, C4<0>, C4<0>;
v0x55ae1abdfb30_12 .net v0x55ae1abdfb30 12, 31 0, L_0x7f59ec36d3c0; 1 drivers
L_0x7f59ec36d408 .functor BUFT 1, C4<10000000110111101011000111111110>, C4<0>, C4<0>, C4<0>;
v0x55ae1abdfb30_13 .net v0x55ae1abdfb30 13, 31 0, L_0x7f59ec36d408; 1 drivers
L_0x7f59ec36d450 .functor BUFT 1, C4<10011011110111000000011010100111>, C4<0>, C4<0>, C4<0>;
v0x55ae1abdfb30_14 .net v0x55ae1abdfb30 14, 31 0, L_0x7f59ec36d450; 1 drivers
L_0x7f59ec36d498 .functor BUFT 1, C4<11000001100110111111000101110100>, C4<0>, C4<0>, C4<0>;
v0x55ae1abdfb30_15 .net v0x55ae1abdfb30 15, 31 0, L_0x7f59ec36d498; 1 drivers
L_0x7f59ec36d4e0 .functor BUFT 1, C4<11100100100110110110100111000001>, C4<0>, C4<0>, C4<0>;
v0x55ae1abdfb30_16 .net v0x55ae1abdfb30 16, 31 0, L_0x7f59ec36d4e0; 1 drivers
L_0x7f59ec36d528 .functor BUFT 1, C4<11101111101111100100011110000110>, C4<0>, C4<0>, C4<0>;
v0x55ae1abdfb30_17 .net v0x55ae1abdfb30 17, 31 0, L_0x7f59ec36d528; 1 drivers
L_0x7f59ec36d570 .functor BUFT 1, C4<00001111110000011001110111000110>, C4<0>, C4<0>, C4<0>;
v0x55ae1abdfb30_18 .net v0x55ae1abdfb30 18, 31 0, L_0x7f59ec36d570; 1 drivers
L_0x7f59ec36d5b8 .functor BUFT 1, C4<00100100000011001010000111001100>, C4<0>, C4<0>, C4<0>;
v0x55ae1abdfb30_19 .net v0x55ae1abdfb30 19, 31 0, L_0x7f59ec36d5b8; 1 drivers
L_0x7f59ec36d600 .functor BUFT 1, C4<00101101111010010010110001101111>, C4<0>, C4<0>, C4<0>;
v0x55ae1abdfb30_20 .net v0x55ae1abdfb30 20, 31 0, L_0x7f59ec36d600; 1 drivers
L_0x7f59ec36d648 .functor BUFT 1, C4<01001010011101001000010010101010>, C4<0>, C4<0>, C4<0>;
v0x55ae1abdfb30_21 .net v0x55ae1abdfb30 21, 31 0, L_0x7f59ec36d648; 1 drivers
L_0x7f59ec36d690 .functor BUFT 1, C4<01011100101100001010100111011100>, C4<0>, C4<0>, C4<0>;
v0x55ae1abdfb30_22 .net v0x55ae1abdfb30 22, 31 0, L_0x7f59ec36d690; 1 drivers
L_0x7f59ec36d6d8 .functor BUFT 1, C4<01110110111110011000100011011010>, C4<0>, C4<0>, C4<0>;
v0x55ae1abdfb30_23 .net v0x55ae1abdfb30 23, 31 0, L_0x7f59ec36d6d8; 1 drivers
L_0x7f59ec36d720 .functor BUFT 1, C4<10011000001111100101000101010010>, C4<0>, C4<0>, C4<0>;
v0x55ae1abdfb30_24 .net v0x55ae1abdfb30 24, 31 0, L_0x7f59ec36d720; 1 drivers
L_0x7f59ec36d768 .functor BUFT 1, C4<10101000001100011100011001101101>, C4<0>, C4<0>, C4<0>;
v0x55ae1abdfb30_25 .net v0x55ae1abdfb30 25, 31 0, L_0x7f59ec36d768; 1 drivers
L_0x7f59ec36d7b0 .functor BUFT 1, C4<10110000000000110010011111001000>, C4<0>, C4<0>, C4<0>;
v0x55ae1abdfb30_26 .net v0x55ae1abdfb30 26, 31 0, L_0x7f59ec36d7b0; 1 drivers
L_0x7f59ec36d7f8 .functor BUFT 1, C4<10111111010110010111111111000111>, C4<0>, C4<0>, C4<0>;
v0x55ae1abdfb30_27 .net v0x55ae1abdfb30 27, 31 0, L_0x7f59ec36d7f8; 1 drivers
L_0x7f59ec36d840 .functor BUFT 1, C4<11000110111000000000101111110011>, C4<0>, C4<0>, C4<0>;
v0x55ae1abdfb30_28 .net v0x55ae1abdfb30 28, 31 0, L_0x7f59ec36d840; 1 drivers
L_0x7f59ec36d888 .functor BUFT 1, C4<11010101101001111001000101000111>, C4<0>, C4<0>, C4<0>;
v0x55ae1abdfb30_29 .net v0x55ae1abdfb30 29, 31 0, L_0x7f59ec36d888; 1 drivers
L_0x7f59ec36d8d0 .functor BUFT 1, C4<00000110110010100110001101010001>, C4<0>, C4<0>, C4<0>;
v0x55ae1abdfb30_30 .net v0x55ae1abdfb30 30, 31 0, L_0x7f59ec36d8d0; 1 drivers
L_0x7f59ec36d918 .functor BUFT 1, C4<00010100001010010010100101100111>, C4<0>, C4<0>, C4<0>;
v0x55ae1abdfb30_31 .net v0x55ae1abdfb30 31, 31 0, L_0x7f59ec36d918; 1 drivers
L_0x7f59ec36d960 .functor BUFT 1, C4<00100111101101110000101010000101>, C4<0>, C4<0>, C4<0>;
v0x55ae1abdfb30_32 .net v0x55ae1abdfb30 32, 31 0, L_0x7f59ec36d960; 1 drivers
L_0x7f59ec36d9a8 .functor BUFT 1, C4<00101110000110110010000100111000>, C4<0>, C4<0>, C4<0>;
v0x55ae1abdfb30_33 .net v0x55ae1abdfb30 33, 31 0, L_0x7f59ec36d9a8; 1 drivers
L_0x7f59ec36d9f0 .functor BUFT 1, C4<01001101001011000110110111111100>, C4<0>, C4<0>, C4<0>;
v0x55ae1abdfb30_34 .net v0x55ae1abdfb30 34, 31 0, L_0x7f59ec36d9f0; 1 drivers
L_0x7f59ec36da38 .functor BUFT 1, C4<01010011001110000000110100010011>, C4<0>, C4<0>, C4<0>;
v0x55ae1abdfb30_35 .net v0x55ae1abdfb30 35, 31 0, L_0x7f59ec36da38; 1 drivers
L_0x7f59ec36da80 .functor BUFT 1, C4<01100101000010100111001101010100>, C4<0>, C4<0>, C4<0>;
v0x55ae1abdfb30_36 .net v0x55ae1abdfb30 36, 31 0, L_0x7f59ec36da80; 1 drivers
L_0x7f59ec36dac8 .functor BUFT 1, C4<01110110011010100000101010111011>, C4<0>, C4<0>, C4<0>;
v0x55ae1abdfb30_37 .net v0x55ae1abdfb30 37, 31 0, L_0x7f59ec36dac8; 1 drivers
L_0x7f59ec36db10 .functor BUFT 1, C4<10000001110000101100100100101110>, C4<0>, C4<0>, C4<0>;
v0x55ae1abdfb30_38 .net v0x55ae1abdfb30 38, 31 0, L_0x7f59ec36db10; 1 drivers
L_0x7f59ec36db58 .functor BUFT 1, C4<10010010011100100010110010000101>, C4<0>, C4<0>, C4<0>;
v0x55ae1abdfb30_39 .net v0x55ae1abdfb30 39, 31 0, L_0x7f59ec36db58; 1 drivers
L_0x7f59ec36dba0 .functor BUFT 1, C4<10100010101111111110100010100001>, C4<0>, C4<0>, C4<0>;
v0x55ae1abdfb30_40 .net v0x55ae1abdfb30 40, 31 0, L_0x7f59ec36dba0; 1 drivers
L_0x7f59ec36dbe8 .functor BUFT 1, C4<10101000000110100110011001001011>, C4<0>, C4<0>, C4<0>;
v0x55ae1abdfb30_41 .net v0x55ae1abdfb30 41, 31 0, L_0x7f59ec36dbe8; 1 drivers
L_0x7f59ec36dc30 .functor BUFT 1, C4<11000010010010111000101101110000>, C4<0>, C4<0>, C4<0>;
v0x55ae1abdfb30_42 .net v0x55ae1abdfb30 42, 31 0, L_0x7f59ec36dc30; 1 drivers
L_0x7f59ec36dc78 .functor BUFT 1, C4<11000111011011000101000110100011>, C4<0>, C4<0>, C4<0>;
v0x55ae1abdfb30_43 .net v0x55ae1abdfb30 43, 31 0, L_0x7f59ec36dc78; 1 drivers
L_0x7f59ec36dcc0 .functor BUFT 1, C4<11010001100100101110100000011001>, C4<0>, C4<0>, C4<0>;
v0x55ae1abdfb30_44 .net v0x55ae1abdfb30 44, 31 0, L_0x7f59ec36dcc0; 1 drivers
L_0x7f59ec36dd08 .functor BUFT 1, C4<11010110100110010000011000100100>, C4<0>, C4<0>, C4<0>;
v0x55ae1abdfb30_45 .net v0x55ae1abdfb30 45, 31 0, L_0x7f59ec36dd08; 1 drivers
L_0x7f59ec36dd50 .functor BUFT 1, C4<11110100000011100011010110000101>, C4<0>, C4<0>, C4<0>;
v0x55ae1abdfb30_46 .net v0x55ae1abdfb30 46, 31 0, L_0x7f59ec36dd50; 1 drivers
L_0x7f59ec36dd98 .functor BUFT 1, C4<00010000011010101010000001110000>, C4<0>, C4<0>, C4<0>;
v0x55ae1abdfb30_47 .net v0x55ae1abdfb30 47, 31 0, L_0x7f59ec36dd98; 1 drivers
L_0x7f59ec36dde0 .functor BUFT 1, C4<00011001101001001100000100010110>, C4<0>, C4<0>, C4<0>;
v0x55ae1abdfb30_48 .net v0x55ae1abdfb30 48, 31 0, L_0x7f59ec36dde0; 1 drivers
L_0x7f59ec36de28 .functor BUFT 1, C4<00011110001101110110110000001000>, C4<0>, C4<0>, C4<0>;
v0x55ae1abdfb30_49 .net v0x55ae1abdfb30 49, 31 0, L_0x7f59ec36de28; 1 drivers
L_0x7f59ec36de70 .functor BUFT 1, C4<00100111010010000111011101001100>, C4<0>, C4<0>, C4<0>;
v0x55ae1abdfb30_50 .net v0x55ae1abdfb30 50, 31 0, L_0x7f59ec36de70; 1 drivers
L_0x7f59ec36deb8 .functor BUFT 1, C4<00110100101100001011110010110101>, C4<0>, C4<0>, C4<0>;
v0x55ae1abdfb30_51 .net v0x55ae1abdfb30 51, 31 0, L_0x7f59ec36deb8; 1 drivers
L_0x7f59ec36df00 .functor BUFT 1, C4<00111001000111000000110010110011>, C4<0>, C4<0>, C4<0>;
v0x55ae1abdfb30_52 .net v0x55ae1abdfb30 52, 31 0, L_0x7f59ec36df00; 1 drivers
L_0x7f59ec36df48 .functor BUFT 1, C4<01001110110110001010101001001010>, C4<0>, C4<0>, C4<0>;
v0x55ae1abdfb30_53 .net v0x55ae1abdfb30 53, 31 0, L_0x7f59ec36df48; 1 drivers
L_0x7f59ec36df90 .functor BUFT 1, C4<01011011100111001100101001001111>, C4<0>, C4<0>, C4<0>;
v0x55ae1abdfb30_54 .net v0x55ae1abdfb30 54, 31 0, L_0x7f59ec36df90; 1 drivers
L_0x7f59ec36dfd8 .functor BUFT 1, C4<01101000001011100110111111110011>, C4<0>, C4<0>, C4<0>;
v0x55ae1abdfb30_55 .net v0x55ae1abdfb30 55, 31 0, L_0x7f59ec36dfd8; 1 drivers
L_0x7f59ec36e020 .functor BUFT 1, C4<01110100100011111000001011101110>, C4<0>, C4<0>, C4<0>;
v0x55ae1abdfb30_56 .net v0x55ae1abdfb30 56, 31 0, L_0x7f59ec36e020; 1 drivers
L_0x7f59ec36e068 .functor BUFT 1, C4<01111000101001010110001101101111>, C4<0>, C4<0>, C4<0>;
v0x55ae1abdfb30_57 .net v0x55ae1abdfb30 57, 31 0, L_0x7f59ec36e068; 1 drivers
L_0x7f59ec36e0b0 .functor BUFT 1, C4<10000100110010000111100000010100>, C4<0>, C4<0>, C4<0>;
v0x55ae1abdfb30_58 .net v0x55ae1abdfb30 58, 31 0, L_0x7f59ec36e0b0; 1 drivers
L_0x7f59ec36e0f8 .functor BUFT 1, C4<10001100110001110000001000001000>, C4<0>, C4<0>, C4<0>;
v0x55ae1abdfb30_59 .net v0x55ae1abdfb30 59, 31 0, L_0x7f59ec36e0f8; 1 drivers
L_0x7f59ec36e140 .functor BUFT 1, C4<10010000101111101111111111111010>, C4<0>, C4<0>, C4<0>;
v0x55ae1abdfb30_60 .net v0x55ae1abdfb30 60, 31 0, L_0x7f59ec36e140; 1 drivers
L_0x7f59ec36e188 .functor BUFT 1, C4<10100100010100000110110011101011>, C4<0>, C4<0>, C4<0>;
v0x55ae1abdfb30_61 .net v0x55ae1abdfb30 61, 31 0, L_0x7f59ec36e188; 1 drivers
L_0x7f59ec36e1d0 .functor BUFT 1, C4<10111110111110011010001111110111>, C4<0>, C4<0>, C4<0>;
v0x55ae1abdfb30_62 .net v0x55ae1abdfb30 62, 31 0, L_0x7f59ec36e1d0; 1 drivers
L_0x7f59ec36e218 .functor BUFT 1, C4<11000110011100010111100011110010>, C4<0>, C4<0>, C4<0>;
v0x55ae1abdfb30_63 .net v0x55ae1abdfb30 63, 31 0, L_0x7f59ec36e218; 1 drivers
v0x55ae1abe0600_0 .var "k_value", 31 0;
v0x55ae1abe06c0_0 .net "message", 0 511, L_0x7f59ec36d018;  alias, 1 drivers
v0x55ae1abe07a0_0 .var "ready", 0 0;
v0x55ae1abe0860_0 .net "reset", 0 0, v0x55ae1abe1f20_0;  1 drivers
v0x55ae1abe0920_0 .var "reset_hash", 0 0;
v0x55ae1abe09c0_0 .net "select", 0 0, L_0x55ae1abf4710;  1 drivers
v0x55ae1abe0ca0_0 .net "temp", 31 0, L_0x55ae1abf4870;  1 drivers
v0x55ae1abe0d70 .array "w", 63 0, 31 0;
v0x55ae1abe1800_0 .var "w_new", 31 0;
v0x55ae1abe18e0_0 .var "w_value", 31 0;
E_0x55ae1ab831b0 .event posedge, v0x55ae1abda5f0_0;
E_0x55ae1ab811b0 .event posedge, v0x55ae1abe0860_0, v0x55ae1abda5f0_0;
v0x55ae1abe0d70_0 .array/port v0x55ae1abe0d70, 0;
v0x55ae1abe0d70_1 .array/port v0x55ae1abe0d70, 1;
v0x55ae1abe0d70_2 .array/port v0x55ae1abe0d70, 2;
E_0x55ae1ab81600/0 .event edge, v0x55ae1abdf240_0, v0x55ae1abe0d70_0, v0x55ae1abe0d70_1, v0x55ae1abe0d70_2;
v0x55ae1abe0d70_3 .array/port v0x55ae1abe0d70, 3;
v0x55ae1abe0d70_4 .array/port v0x55ae1abe0d70, 4;
v0x55ae1abe0d70_5 .array/port v0x55ae1abe0d70, 5;
v0x55ae1abe0d70_6 .array/port v0x55ae1abe0d70, 6;
E_0x55ae1ab81600/1 .event edge, v0x55ae1abe0d70_3, v0x55ae1abe0d70_4, v0x55ae1abe0d70_5, v0x55ae1abe0d70_6;
v0x55ae1abe0d70_7 .array/port v0x55ae1abe0d70, 7;
v0x55ae1abe0d70_8 .array/port v0x55ae1abe0d70, 8;
v0x55ae1abe0d70_9 .array/port v0x55ae1abe0d70, 9;
v0x55ae1abe0d70_10 .array/port v0x55ae1abe0d70, 10;
E_0x55ae1ab81600/2 .event edge, v0x55ae1abe0d70_7, v0x55ae1abe0d70_8, v0x55ae1abe0d70_9, v0x55ae1abe0d70_10;
v0x55ae1abe0d70_11 .array/port v0x55ae1abe0d70, 11;
v0x55ae1abe0d70_12 .array/port v0x55ae1abe0d70, 12;
v0x55ae1abe0d70_13 .array/port v0x55ae1abe0d70, 13;
v0x55ae1abe0d70_14 .array/port v0x55ae1abe0d70, 14;
E_0x55ae1ab81600/3 .event edge, v0x55ae1abe0d70_11, v0x55ae1abe0d70_12, v0x55ae1abe0d70_13, v0x55ae1abe0d70_14;
v0x55ae1abe0d70_15 .array/port v0x55ae1abe0d70, 15;
v0x55ae1abe0d70_16 .array/port v0x55ae1abe0d70, 16;
v0x55ae1abe0d70_17 .array/port v0x55ae1abe0d70, 17;
v0x55ae1abe0d70_18 .array/port v0x55ae1abe0d70, 18;
E_0x55ae1ab81600/4 .event edge, v0x55ae1abe0d70_15, v0x55ae1abe0d70_16, v0x55ae1abe0d70_17, v0x55ae1abe0d70_18;
v0x55ae1abe0d70_19 .array/port v0x55ae1abe0d70, 19;
v0x55ae1abe0d70_20 .array/port v0x55ae1abe0d70, 20;
v0x55ae1abe0d70_21 .array/port v0x55ae1abe0d70, 21;
v0x55ae1abe0d70_22 .array/port v0x55ae1abe0d70, 22;
E_0x55ae1ab81600/5 .event edge, v0x55ae1abe0d70_19, v0x55ae1abe0d70_20, v0x55ae1abe0d70_21, v0x55ae1abe0d70_22;
v0x55ae1abe0d70_23 .array/port v0x55ae1abe0d70, 23;
v0x55ae1abe0d70_24 .array/port v0x55ae1abe0d70, 24;
v0x55ae1abe0d70_25 .array/port v0x55ae1abe0d70, 25;
v0x55ae1abe0d70_26 .array/port v0x55ae1abe0d70, 26;
E_0x55ae1ab81600/6 .event edge, v0x55ae1abe0d70_23, v0x55ae1abe0d70_24, v0x55ae1abe0d70_25, v0x55ae1abe0d70_26;
v0x55ae1abe0d70_27 .array/port v0x55ae1abe0d70, 27;
v0x55ae1abe0d70_28 .array/port v0x55ae1abe0d70, 28;
v0x55ae1abe0d70_29 .array/port v0x55ae1abe0d70, 29;
v0x55ae1abe0d70_30 .array/port v0x55ae1abe0d70, 30;
E_0x55ae1ab81600/7 .event edge, v0x55ae1abe0d70_27, v0x55ae1abe0d70_28, v0x55ae1abe0d70_29, v0x55ae1abe0d70_30;
v0x55ae1abe0d70_31 .array/port v0x55ae1abe0d70, 31;
v0x55ae1abe0d70_32 .array/port v0x55ae1abe0d70, 32;
v0x55ae1abe0d70_33 .array/port v0x55ae1abe0d70, 33;
v0x55ae1abe0d70_34 .array/port v0x55ae1abe0d70, 34;
E_0x55ae1ab81600/8 .event edge, v0x55ae1abe0d70_31, v0x55ae1abe0d70_32, v0x55ae1abe0d70_33, v0x55ae1abe0d70_34;
v0x55ae1abe0d70_35 .array/port v0x55ae1abe0d70, 35;
v0x55ae1abe0d70_36 .array/port v0x55ae1abe0d70, 36;
v0x55ae1abe0d70_37 .array/port v0x55ae1abe0d70, 37;
v0x55ae1abe0d70_38 .array/port v0x55ae1abe0d70, 38;
E_0x55ae1ab81600/9 .event edge, v0x55ae1abe0d70_35, v0x55ae1abe0d70_36, v0x55ae1abe0d70_37, v0x55ae1abe0d70_38;
v0x55ae1abe0d70_39 .array/port v0x55ae1abe0d70, 39;
v0x55ae1abe0d70_40 .array/port v0x55ae1abe0d70, 40;
v0x55ae1abe0d70_41 .array/port v0x55ae1abe0d70, 41;
v0x55ae1abe0d70_42 .array/port v0x55ae1abe0d70, 42;
E_0x55ae1ab81600/10 .event edge, v0x55ae1abe0d70_39, v0x55ae1abe0d70_40, v0x55ae1abe0d70_41, v0x55ae1abe0d70_42;
v0x55ae1abe0d70_43 .array/port v0x55ae1abe0d70, 43;
v0x55ae1abe0d70_44 .array/port v0x55ae1abe0d70, 44;
v0x55ae1abe0d70_45 .array/port v0x55ae1abe0d70, 45;
v0x55ae1abe0d70_46 .array/port v0x55ae1abe0d70, 46;
E_0x55ae1ab81600/11 .event edge, v0x55ae1abe0d70_43, v0x55ae1abe0d70_44, v0x55ae1abe0d70_45, v0x55ae1abe0d70_46;
v0x55ae1abe0d70_47 .array/port v0x55ae1abe0d70, 47;
v0x55ae1abe0d70_48 .array/port v0x55ae1abe0d70, 48;
v0x55ae1abe0d70_49 .array/port v0x55ae1abe0d70, 49;
v0x55ae1abe0d70_50 .array/port v0x55ae1abe0d70, 50;
E_0x55ae1ab81600/12 .event edge, v0x55ae1abe0d70_47, v0x55ae1abe0d70_48, v0x55ae1abe0d70_49, v0x55ae1abe0d70_50;
v0x55ae1abe0d70_51 .array/port v0x55ae1abe0d70, 51;
v0x55ae1abe0d70_52 .array/port v0x55ae1abe0d70, 52;
v0x55ae1abe0d70_53 .array/port v0x55ae1abe0d70, 53;
v0x55ae1abe0d70_54 .array/port v0x55ae1abe0d70, 54;
E_0x55ae1ab81600/13 .event edge, v0x55ae1abe0d70_51, v0x55ae1abe0d70_52, v0x55ae1abe0d70_53, v0x55ae1abe0d70_54;
v0x55ae1abe0d70_55 .array/port v0x55ae1abe0d70, 55;
v0x55ae1abe0d70_56 .array/port v0x55ae1abe0d70, 56;
v0x55ae1abe0d70_57 .array/port v0x55ae1abe0d70, 57;
v0x55ae1abe0d70_58 .array/port v0x55ae1abe0d70, 58;
E_0x55ae1ab81600/14 .event edge, v0x55ae1abe0d70_55, v0x55ae1abe0d70_56, v0x55ae1abe0d70_57, v0x55ae1abe0d70_58;
v0x55ae1abe0d70_59 .array/port v0x55ae1abe0d70, 59;
v0x55ae1abe0d70_60 .array/port v0x55ae1abe0d70, 60;
v0x55ae1abe0d70_61 .array/port v0x55ae1abe0d70, 61;
v0x55ae1abe0d70_62 .array/port v0x55ae1abe0d70, 62;
E_0x55ae1ab81600/15 .event edge, v0x55ae1abe0d70_59, v0x55ae1abe0d70_60, v0x55ae1abe0d70_61, v0x55ae1abe0d70_62;
v0x55ae1abe0d70_63 .array/port v0x55ae1abe0d70, 63;
E_0x55ae1ab81600/16 .event edge, v0x55ae1abe0d70_63, v0x55ae1abde2b0_0;
E_0x55ae1ab81600 .event/or E_0x55ae1ab81600/0, E_0x55ae1ab81600/1, E_0x55ae1ab81600/2, E_0x55ae1ab81600/3, E_0x55ae1ab81600/4, E_0x55ae1ab81600/5, E_0x55ae1ab81600/6, E_0x55ae1ab81600/7, E_0x55ae1ab81600/8, E_0x55ae1ab81600/9, E_0x55ae1ab81600/10, E_0x55ae1ab81600/11, E_0x55ae1ab81600/12, E_0x55ae1ab81600/13, E_0x55ae1ab81600/14, E_0x55ae1ab81600/15, E_0x55ae1ab81600/16;
L_0x55ae1abf49b0 .array/port v0x55ae1abe0d70, L_0x55ae1abf4aa0;
L_0x55ae1abf4aa0 .concat [ 7 1 0 0], v0x55ae1abdeec0_0, L_0x7f59ec36e530;
L_0x55ae1abf4be0 .array/port v0x55ae1abe0d70, L_0x55ae1abf4c80;
L_0x55ae1abf4c80 .concat [ 7 1 0 0], v0x55ae1abdede0_0, L_0x7f59ec36e578;
L_0x55ae1abf4dc0 .array/port v0x55ae1abe0d70, L_0x55ae1abf4eb0;
L_0x55ae1abf4eb0 .concat [ 7 1 0 0], v0x55ae1abdf080_0, L_0x7f59ec36e5c0;
L_0x55ae1abf5030 .array/port v0x55ae1abe0d70, L_0x55ae1abf50d0;
L_0x55ae1abf50d0 .concat [ 7 1 0 0], v0x55ae1abdefa0_0, L_0x7f59ec36e608;
S_0x55ae1ab92400 .scope module, "hash" "hash_output" 2 268, 2 290 0, S_0x55ae1ab91e60;
 .timescale -9 -9;
    .port_info 0 /INPUT 1 "reset"
    .port_info 1 /INPUT 32 "w_i"
    .port_info 2 /INPUT 32 "k_i"
    .port_info 3 /INPUT 1 "clk"
    .port_info 4 /INPUT 1 "select"
    .port_info 5 /INPUT 32 "h0"
    .port_info 6 /INPUT 32 "h1"
    .port_info 7 /INPUT 32 "h2"
    .port_info 8 /INPUT 32 "h3"
    .port_info 9 /INPUT 32 "h4"
    .port_info 10 /INPUT 32 "h5"
    .port_info 11 /INPUT 32 "h6"
    .port_info 12 /INPUT 32 "h7"
    .port_info 13 /OUTPUT 256 "hashvalue"
v0x55ae1abc5710_0 .var "a", 31 0;
v0x55ae1abda1a0_0 .net "a_new", 31 0, L_0x55ae1abf7bb0;  1 drivers
v0x55ae1abda260_0 .var "b", 31 0;
v0x55ae1abda360_0 .net "b_new", 31 0, L_0x55ae1abf7730;  1 drivers
v0x55ae1abda430_0 .var "c", 31 0;
v0x55ae1abda520_0 .net "c_new", 31 0, L_0x55ae1abf7a30;  1 drivers
v0x55ae1abda5f0_0 .net "clk", 0 0, v0x55ae1abe1a90_0;  alias, 1 drivers
v0x55ae1abda690_0 .var "d", 31 0;
v0x55ae1abda760_0 .net "d_new", 31 0, L_0x55ae1abf7840;  1 drivers
v0x55ae1abda830_0 .var "e", 31 0;
v0x55ae1abda8d0_0 .net "e_new", 31 0, L_0x55ae1abf77a0;  1 drivers
v0x55ae1abda990_0 .var "f", 31 0;
v0x55ae1abdaa60_0 .net "f_new", 31 0, L_0x55ae1abf7670;  1 drivers
v0x55ae1abdab30_0 .var "g", 31 0;
v0x55ae1abdac00_0 .net "g_new", 31 0, L_0x55ae1abf7600;  1 drivers
v0x55ae1abdacd0_0 .var "h", 31 0;
v0x55ae1abdada0_0 .net "h0", 31 0, L_0x7f59ec36e260;  alias, 1 drivers
v0x55ae1abdae60_0 .net "h0_out", 31 0, L_0x55ae1abf7d60;  1 drivers
v0x55ae1abdaf40_0 .net "h1", 31 0, L_0x7f59ec36e2a8;  alias, 1 drivers
v0x55ae1abdb020_0 .net "h1_out", 31 0, L_0x55ae1abf7e00;  1 drivers
v0x55ae1abdb100_0 .net "h2", 31 0, L_0x7f59ec36e2f0;  alias, 1 drivers
v0x55ae1abdb1e0_0 .net "h2_out", 31 0, L_0x55ae1abf7ea0;  1 drivers
v0x55ae1abdb2c0_0 .net "h3", 31 0, L_0x7f59ec36e338;  alias, 1 drivers
v0x55ae1abdb3a0_0 .net "h3_out", 31 0, L_0x55ae1abf7f40;  1 drivers
v0x55ae1abdb480_0 .net "h4", 31 0, L_0x7f59ec36e380;  alias, 1 drivers
v0x55ae1abdb560_0 .net "h4_out", 31 0, L_0x55ae1abf7fe0;  1 drivers
v0x55ae1abdb640_0 .net "h5", 31 0, L_0x7f59ec36e3c8;  alias, 1 drivers
v0x55ae1abdb720_0 .net "h5_out", 31 0, L_0x55ae1abf8080;  1 drivers
v0x55ae1abdb800_0 .net "h6", 31 0, L_0x7f59ec36e410;  alias, 1 drivers
v0x55ae1abdb8e0_0 .net "h6_out", 31 0, L_0x55ae1abf81f0;  1 drivers
v0x55ae1abdb9c0_0 .net "h7", 31 0, L_0x7f59ec36e458;  alias, 1 drivers
v0x55ae1abdbaa0_0 .net "h7_out", 31 0, L_0x55ae1abf8320;  1 drivers
v0x55ae1abdbb80_0 .net "h_new", 31 0, L_0x55ae1abf7490;  1 drivers
v0x55ae1abdbc70_0 .net "hashvalue", 255 0, L_0x55ae1abf8410;  alias, 1 drivers
v0x55ae1abdbd30_0 .net "k_i", 31 0, v0x55ae1abe0600_0;  1 drivers
v0x55ae1abdbe20_0 .net "reset", 0 0, v0x55ae1abe0920_0;  1 drivers
v0x55ae1abdbec0_0 .net "select", 0 0, L_0x55ae1abf4710;  alias, 1 drivers
v0x55ae1abdbf80_0 .net "w_i", 31 0, v0x55ae1abe18e0_0;  1 drivers
E_0x55ae1ab7f600 .event posedge, v0x55ae1abdbe20_0, v0x55ae1abda5f0_0;
L_0x55ae1abf7d60 .arith/sum 32, L_0x7f59ec36e260, v0x55ae1abc5710_0;
L_0x55ae1abf7e00 .arith/sum 32, L_0x7f59ec36e2a8, v0x55ae1abda260_0;
L_0x55ae1abf7ea0 .arith/sum 32, L_0x7f59ec36e2f0, v0x55ae1abda430_0;
L_0x55ae1abf7f40 .arith/sum 32, L_0x7f59ec36e338, v0x55ae1abda690_0;
L_0x55ae1abf7fe0 .arith/sum 32, L_0x7f59ec36e380, v0x55ae1abda830_0;
L_0x55ae1abf8080 .arith/sum 32, L_0x7f59ec36e3c8, v0x55ae1abda990_0;
L_0x55ae1abf81f0 .arith/sum 32, L_0x7f59ec36e410, v0x55ae1abdab30_0;
L_0x55ae1abf8320 .arith/sum 32, L_0x7f59ec36e458, v0x55ae1abdacd0_0;
LS_0x55ae1abf8410_0_0 .concat [ 32 32 32 32], L_0x55ae1abf8320, L_0x55ae1abf81f0, L_0x55ae1abf8080, L_0x55ae1abf7fe0;
LS_0x55ae1abf8410_0_4 .concat [ 32 32 32 32], L_0x55ae1abf7f40, L_0x55ae1abf7ea0, L_0x55ae1abf7e00, L_0x55ae1abf7d60;
L_0x55ae1abf8410 .concat [ 128 128 0 0], LS_0x55ae1abf8410_0_0, LS_0x55ae1abf8410_0_4;
S_0x55ae1ab929a0 .scope module, "CA0" "compression_algorithm" 2 312, 2 396 0, S_0x55ae1ab92400;
 .timescale -9 -9;
    .port_info 0 /INPUT 32 "k_i"
    .port_info 1 /INPUT 32 "w_i"
    .port_info 2 /INPUT 32 "a"
    .port_info 3 /INPUT 32 "b"
    .port_info 4 /INPUT 32 "c"
    .port_info 5 /INPUT 32 "d"
    .port_info 6 /INPUT 32 "e"
    .port_info 7 /INPUT 32 "f"
    .port_info 8 /INPUT 32 "g"
    .port_info 9 /INPUT 32 "h"
    .port_info 10 /OUTPUT 32 "a_new"
    .port_info 11 /OUTPUT 32 "b_new"
    .port_info 12 /OUTPUT 32 "c_new"
    .port_info 13 /OUTPUT 32 "d_new"
    .port_info 14 /OUTPUT 32 "e_new"
    .port_info 15 /OUTPUT 32 "f_new"
    .port_info 16 /OUTPUT 32 "g_new"
    .port_info 17 /OUTPUT 32 "h_new"
L_0x55ae1abf67f0 .functor AND 32, v0x55ae1abda830_0, v0x55ae1abda990_0, C4<11111111111111111111111111111111>, C4<11111111111111111111111111111111>;
L_0x55ae1abf68b0 .functor NOT 32, v0x55ae1abda830_0, C4<00000000000000000000000000000000>, C4<00000000000000000000000000000000>, C4<00000000000000000000000000000000>;
L_0x55ae1abf6920 .functor AND 32, L_0x55ae1abf68b0, v0x55ae1abdab30_0, C4<11111111111111111111111111111111>, C4<11111111111111111111111111111111>;
L_0x55ae1abf6a30 .functor XOR 32, L_0x55ae1abf67f0, L_0x55ae1abf6920, C4<00000000000000000000000000000000>, C4<00000000000000000000000000000000>;
L_0x55ae1abf6be0 .functor AND 32, v0x55ae1abc5710_0, v0x55ae1abda260_0, C4<11111111111111111111111111111111>, C4<11111111111111111111111111111111>;
L_0x55ae1abf7010 .functor AND 32, v0x55ae1abc5710_0, v0x55ae1abda430_0, C4<11111111111111111111111111111111>, C4<11111111111111111111111111111111>;
L_0x55ae1abf7110 .functor XOR 32, L_0x55ae1abf6be0, L_0x55ae1abf7010, C4<00000000000000000000000000000000>, C4<00000000000000000000000000000000>;
L_0x55ae1abf7220 .functor AND 32, v0x55ae1abda260_0, v0x55ae1abda430_0, C4<11111111111111111111111111111111>, C4<11111111111111111111111111111111>;
L_0x55ae1abf72e0 .functor XOR 32, L_0x55ae1abf7110, L_0x55ae1abf7220, C4<00000000000000000000000000000000>, C4<00000000000000000000000000000000>;
L_0x55ae1abf7490 .functor BUFZ 32, v0x55ae1abdab30_0, C4<00000000000000000000000000000000>, C4<00000000000000000000000000000000>, C4<00000000000000000000000000000000>;
L_0x55ae1abf7600 .functor BUFZ 32, v0x55ae1abda990_0, C4<00000000000000000000000000000000>, C4<00000000000000000000000000000000>, C4<00000000000000000000000000000000>;
L_0x55ae1abf7670 .functor BUFZ 32, v0x55ae1abda830_0, C4<00000000000000000000000000000000>, C4<00000000000000000000000000000000>, C4<00000000000000000000000000000000>;
L_0x55ae1abf7840 .functor BUFZ 32, v0x55ae1abda430_0, C4<00000000000000000000000000000000>, C4<00000000000000000000000000000000>, C4<00000000000000000000000000000000>;
L_0x55ae1abf7a30 .functor BUFZ 32, v0x55ae1abda260_0, C4<00000000000000000000000000000000>, C4<00000000000000000000000000000000>, C4<00000000000000000000000000000000>;
L_0x55ae1abf7730 .functor BUFZ 32, v0x55ae1abc5710_0, C4<00000000000000000000000000000000>, C4<00000000000000000000000000000000>, C4<00000000000000000000000000000000>;
v0x55ae1abd8150_0 .net *"_s0", 31 0, L_0x55ae1abf67f0;  1 drivers
v0x55ae1abd8230_0 .net *"_s10", 31 0, L_0x55ae1abf6ca0;  1 drivers
v0x55ae1abd8310_0 .net *"_s12", 31 0, L_0x55ae1abf6de0;  1 drivers
v0x55ae1abd83d0_0 .net *"_s16", 31 0, L_0x55ae1abf6be0;  1 drivers
v0x55ae1abd84b0_0 .net *"_s18", 31 0, L_0x55ae1abf7010;  1 drivers
v0x55ae1abd8590_0 .net *"_s2", 31 0, L_0x55ae1abf68b0;  1 drivers
v0x55ae1abd8670_0 .net *"_s20", 31 0, L_0x55ae1abf7110;  1 drivers
v0x55ae1abd8750_0 .net *"_s22", 31 0, L_0x55ae1abf7220;  1 drivers
v0x55ae1abd8830_0 .net *"_s4", 31 0, L_0x55ae1abf6920;  1 drivers
v0x55ae1abd89a0_0 .net *"_s8", 31 0, L_0x55ae1abf6b40;  1 drivers
v0x55ae1abd8a80_0 .net "a", 31 0, v0x55ae1abc5710_0;  1 drivers
v0x55ae1abd8b40_0 .net "a_new", 31 0, L_0x55ae1abf7bb0;  alias, 1 drivers
v0x55ae1abd8c00_0 .net "b", 31 0, v0x55ae1abda260_0;  1 drivers
v0x55ae1abd8ce0_0 .net "b_new", 31 0, L_0x55ae1abf7730;  alias, 1 drivers
v0x55ae1abd8dc0_0 .net "c", 31 0, v0x55ae1abda430_0;  1 drivers
v0x55ae1abd8ea0_0 .net "c_new", 31 0, L_0x55ae1abf7a30;  alias, 1 drivers
v0x55ae1abd8f80_0 .net "ch", 31 0, L_0x55ae1abf6a30;  1 drivers
v0x55ae1abd9060_0 .net "d", 31 0, v0x55ae1abda690_0;  1 drivers
v0x55ae1abd9140_0 .net "d_new", 31 0, L_0x55ae1abf7840;  alias, 1 drivers
v0x55ae1abd9220_0 .net "e", 31 0, v0x55ae1abda830_0;  1 drivers
v0x55ae1abd92e0_0 .net "e_new", 31 0, L_0x55ae1abf77a0;  alias, 1 drivers
v0x55ae1abd93a0_0 .net "f", 31 0, v0x55ae1abda990_0;  1 drivers
v0x55ae1abd9480_0 .net "f_new", 31 0, L_0x55ae1abf7670;  alias, 1 drivers
v0x55ae1abd9560_0 .net "g", 31 0, v0x55ae1abdab30_0;  1 drivers
v0x55ae1abd9640_0 .net "g_new", 31 0, L_0x55ae1abf7600;  alias, 1 drivers
v0x55ae1abd9720_0 .net "h", 31 0, v0x55ae1abdacd0_0;  1 drivers
v0x55ae1abd9800_0 .net "h_new", 31 0, L_0x55ae1abf7490;  alias, 1 drivers
v0x55ae1abd98e0_0 .net "k_i", 31 0, v0x55ae1abe0600_0;  alias, 1 drivers
v0x55ae1abd99c0_0 .net "maj", 31 0, L_0x55ae1abf72e0;  1 drivers
v0x55ae1abd9aa0_0 .net "t1", 31 0, L_0x55ae1abf5c60;  1 drivers
v0x55ae1abd9b60_0 .net "t2", 31 0, L_0x55ae1abf6690;  1 drivers
v0x55ae1abd9c00_0 .net "temp1", 31 0, L_0x55ae1abf6ed0;  1 drivers
v0x55ae1abd9cc0_0 .net "temp2", 31 0, L_0x55ae1abf73f0;  1 drivers
v0x55ae1abd9da0_0 .net "w_i", 31 0, v0x55ae1abe18e0_0;  alias, 1 drivers
L_0x55ae1abf6b40 .arith/sum 32, v0x55ae1abdacd0_0, L_0x55ae1abf5c60;
L_0x55ae1abf6ca0 .arith/sum 32, L_0x55ae1abf6b40, L_0x55ae1abf6a30;
L_0x55ae1abf6de0 .arith/sum 32, L_0x55ae1abf6ca0, v0x55ae1abe0600_0;
L_0x55ae1abf6ed0 .arith/sum 32, L_0x55ae1abf6de0, v0x55ae1abe18e0_0;
L_0x55ae1abf73f0 .arith/sum 32, L_0x55ae1abf6690, L_0x55ae1abf72e0;
L_0x55ae1abf77a0 .arith/sum 32, v0x55ae1abda690_0, L_0x55ae1abf6ed0;
L_0x55ae1abf7bb0 .arith/sum 32, L_0x55ae1abf6ed0, L_0x55ae1abf73f0;
S_0x55ae1ab92f40 .scope module, "S0" "S0" 2 425, 2 384 0, S_0x55ae1ab929a0;
 .timescale -9 -9;
    .port_info 0 /INPUT 32 "X"
    .port_info 1 /OUTPUT 32 "Y"
L_0x55ae1abf62b0 .functor XOR 32, L_0x55ae1abf5f00, L_0x55ae1abf6130, C4<00000000000000000000000000000000>, C4<00000000000000000000000000000000>;
L_0x55ae1abf6690 .functor XOR 32, L_0x55ae1abf62b0, L_0x55ae1abf6550, C4<00000000000000000000000000000000>, C4<00000000000000000000000000000000>;
v0x55ae1abc3740_0 .net "X", 31 0, v0x55ae1abc5710_0;  alias, 1 drivers
v0x55ae1abc37e0_0 .net "Y", 31 0, L_0x55ae1abf6690;  alias, 1 drivers
v0x55ae1abc4960_0 .net *"_s1", 1 0, L_0x55ae1abf5dc0;  1 drivers
v0x55ae1abc4a00_0 .net *"_s10", 31 0, L_0x55ae1abf6130;  1 drivers
v0x55ae1ab87430_0 .net *"_s12", 31 0, L_0x55ae1abf62b0;  1 drivers
v0x55ae1abd6f10_0 .net *"_s15", 21 0, L_0x55ae1abf63c0;  1 drivers
v0x55ae1abd6ff0_0 .net *"_s17", 9 0, L_0x55ae1abf6460;  1 drivers
v0x55ae1abd70d0_0 .net *"_s18", 31 0, L_0x55ae1abf6550;  1 drivers
v0x55ae1abd71b0_0 .net *"_s3", 29 0, L_0x55ae1abf5e60;  1 drivers
v0x55ae1abd7290_0 .net *"_s4", 31 0, L_0x55ae1abf5f00;  1 drivers
v0x55ae1abd7370_0 .net *"_s7", 12 0, L_0x55ae1abf5ff0;  1 drivers
v0x55ae1abd7450_0 .net *"_s9", 18 0, L_0x55ae1abf6090;  1 drivers
L_0x55ae1abf5dc0 .part v0x55ae1abc5710_0, 0, 2;
L_0x55ae1abf5e60 .part v0x55ae1abc5710_0, 2, 30;
L_0x55ae1abf5f00 .concat [ 30 2 0 0], L_0x55ae1abf5e60, L_0x55ae1abf5dc0;
L_0x55ae1abf5ff0 .part v0x55ae1abc5710_0, 0, 13;
L_0x55ae1abf6090 .part v0x55ae1abc5710_0, 13, 19;
L_0x55ae1abf6130 .concat [ 19 13 0 0], L_0x55ae1abf6090, L_0x55ae1abf5ff0;
L_0x55ae1abf63c0 .part v0x55ae1abc5710_0, 0, 22;
L_0x55ae1abf6460 .part v0x55ae1abc5710_0, 22, 10;
L_0x55ae1abf6550 .concat [ 10 22 0 0], L_0x55ae1abf6460, L_0x55ae1abf63c0;
S_0x55ae1ab934e0 .scope module, "S1" "S1" 2 421, 2 390 0, S_0x55ae1ab929a0;
 .timescale -9 -9;
    .port_info 0 /INPUT 32 "X"
    .port_info 1 /OUTPUT 32 "Y"
L_0x55ae1abf5880 .functor XOR 32, L_0x55ae1abf54d0, L_0x55ae1abf5700, C4<00000000000000000000000000000000>, C4<00000000000000000000000000000000>;
L_0x55ae1abf5c60 .functor XOR 32, L_0x55ae1abf5880, L_0x55ae1abf5b20, C4<00000000000000000000000000000000>, C4<00000000000000000000000000000000>;
v0x55ae1abd7590_0 .net "X", 31 0, v0x55ae1abda830_0;  alias, 1 drivers
v0x55ae1abd7690_0 .net "Y", 31 0, L_0x55ae1abf5c60;  alias, 1 drivers
v0x55ae1abd7770_0 .net *"_s1", 5 0, L_0x55ae1abf5300;  1 drivers
v0x55ae1abd7830_0 .net *"_s10", 31 0, L_0x55ae1abf5700;  1 drivers
v0x55ae1abd7910_0 .net *"_s12", 31 0, L_0x55ae1abf5880;  1 drivers
v0x55ae1abd7a40_0 .net *"_s15", 24 0, L_0x55ae1abf5990;  1 drivers
v0x55ae1abd7b20_0 .net *"_s17", 6 0, L_0x55ae1abf5a30;  1 drivers
v0x55ae1abd7c00_0 .net *"_s18", 31 0, L_0x55ae1abf5b20;  1 drivers
v0x55ae1abd7ce0_0 .net *"_s3", 25 0, L_0x55ae1abf53a0;  1 drivers
v0x55ae1abd7e50_0 .net *"_s4", 31 0, L_0x55ae1abf54d0;  1 drivers
v0x55ae1abd7f30_0 .net *"_s7", 10 0, L_0x55ae1abf55c0;  1 drivers
v0x55ae1abd8010_0 .net *"_s9", 20 0, L_0x55ae1abf5660;  1 drivers
L_0x55ae1abf5300 .part v0x55ae1abda830_0, 0, 6;
L_0x55ae1abf53a0 .part v0x55ae1abda830_0, 6, 26;
L_0x55ae1abf54d0 .concat [ 26 6 0 0], L_0x55ae1abf53a0, L_0x55ae1abf5300;
L_0x55ae1abf55c0 .part v0x55ae1abda830_0, 0, 11;
L_0x55ae1abf5660 .part v0x55ae1abda830_0, 11, 21;
L_0x55ae1abf5700 .concat [ 21 11 0 0], L_0x55ae1abf5660, L_0x55ae1abf55c0;
L_0x55ae1abf5990 .part v0x55ae1abda830_0, 0, 25;
L_0x55ae1abf5a30 .part v0x55ae1abda830_0, 25, 7;
L_0x55ae1abf5b20 .concat [ 7 25 0 0], L_0x55ae1abf5a30, L_0x55ae1abf5990;
S_0x55ae1ab93a80 .scope module, "w_new_calcs" "w_new_calc" 2 180, 2 66 0, S_0x55ae1ab91e60;
 .timescale -9 -9;
    .port_info 0 /INPUT 32 "w_16"
    .port_info 1 /INPUT 32 "w_15"
    .port_info 2 /INPUT 32 "w_7"
    .port_info 3 /INPUT 32 "w_2"
    .port_info 4 /OUTPUT 32 "w_new"
v0x55ae1abddc40_0 .net *"_s0", 31 0, L_0x55ae1abf4670;  1 drivers
v0x55ae1abddd20_0 .net *"_s2", 31 0, L_0x55ae1abf4780;  1 drivers
v0x55ae1abdde00_0 .net "temp1", 31 0, L_0x55ae1abf3aa0;  1 drivers
v0x55ae1abdded0_0 .net "temp2", 31 0, L_0x55ae1abf4510;  1 drivers
v0x55ae1abddfa0_0 .net "w_15", 31 0, L_0x55ae1abf4be0;  1 drivers
v0x55ae1abde040_0 .net "w_16", 31 0, L_0x55ae1abf49b0;  1 drivers
v0x55ae1abde100_0 .net "w_2", 31 0, L_0x55ae1abf5030;  1 drivers
v0x55ae1abde1f0_0 .net "w_7", 31 0, L_0x55ae1abf4dc0;  1 drivers
v0x55ae1abde2b0_0 .net "w_new", 31 0, L_0x55ae1abf4870;  alias, 1 drivers
L_0x55ae1abf4670 .arith/sum 32, L_0x55ae1abf3aa0, L_0x55ae1abf4510;
L_0x55ae1abf4780 .arith/sum 32, L_0x55ae1abf4670, L_0x55ae1abf49b0;
L_0x55ae1abf4870 .arith/sum 32, L_0x55ae1abf4780, L_0x55ae1abf4dc0;
S_0x55ae1ab94020 .scope module, "s0" "s0" 2 75, 2 54 0, S_0x55ae1ab93a80;
 .timescale -9 -9;
    .port_info 0 /INPUT 32 "X"
    .port_info 1 /OUTPUT 32 "Y"
L_0x55ae1abb4a20 .functor XOR 32, L_0x55ae1abf3420, L_0x55ae1abf36a0, C4<00000000000000000000000000000000>, C4<00000000000000000000000000000000>;
L_0x55ae1abf3aa0 .functor XOR 32, L_0x55ae1abb4a20, L_0x55ae1abf3910, C4<00000000000000000000000000000000>, C4<00000000000000000000000000000000>;
v0x55ae1abdc360_0 .net "X", 31 0, L_0x55ae1abf4be0;  alias, 1 drivers
v0x55ae1abdc460_0 .net "Y", 31 0, L_0x55ae1abf3aa0;  alias, 1 drivers
v0x55ae1abdc540_0 .net *"_s1", 6 0, L_0x55ae1abf3290;  1 drivers
v0x55ae1abdc630_0 .net *"_s10", 31 0, L_0x55ae1abf36a0;  1 drivers
v0x55ae1abdc710_0 .net *"_s12", 31 0, L_0x55ae1abb4a20;  1 drivers
v0x55ae1abdc840_0 .net *"_s14", 31 0, L_0x55ae1abf3910;  1 drivers
v0x55ae1abdc920_0 .net *"_s16", 28 0, L_0x55ae1abf3870;  1 drivers
L_0x7f59ec36e4a0 .functor BUFT 1, C4<000>, C4<0>, C4<0>, C4<0>;
v0x55ae1abdca00_0 .net *"_s18", 2 0, L_0x7f59ec36e4a0;  1 drivers
v0x55ae1abdcae0_0 .net *"_s3", 24 0, L_0x55ae1abf3380;  1 drivers
v0x55ae1abdcbc0_0 .net *"_s4", 31 0, L_0x55ae1abf3420;  1 drivers
v0x55ae1abdcca0_0 .net *"_s7", 17 0, L_0x55ae1abf3560;  1 drivers
v0x55ae1abdcd80_0 .net *"_s9", 13 0, L_0x55ae1abf3600;  1 drivers
L_0x55ae1abf3290 .part L_0x55ae1abf4be0, 0, 7;
L_0x55ae1abf3380 .part L_0x55ae1abf4be0, 7, 25;
L_0x55ae1abf3420 .concat [ 25 7 0 0], L_0x55ae1abf3380, L_0x55ae1abf3290;
L_0x55ae1abf3560 .part L_0x55ae1abf4be0, 0, 18;
L_0x55ae1abf3600 .part L_0x55ae1abf4be0, 18, 14;
L_0x55ae1abf36a0 .concat [ 14 18 0 0], L_0x55ae1abf3600, L_0x55ae1abf3560;
L_0x55ae1abf3870 .part L_0x55ae1abf4be0, 3, 29;
L_0x55ae1abf3910 .concat [ 29 3 0 0], L_0x55ae1abf3870, L_0x7f59ec36e4a0;
S_0x55ae1abdcec0 .scope module, "s1" "s1" 2 79, 2 60 0, S_0x55ae1ab93a80;
 .timescale -9 -9;
    .port_info 0 /INPUT 32 "X"
    .port_info 1 /OUTPUT 32 "Y"
L_0x55ae1abf41d0 .functor XOR 32, L_0x55ae1abf3d90, L_0x55ae1abf40a0, C4<00000000000000000000000000000000>, C4<00000000000000000000000000000000>;
L_0x55ae1abf4510 .functor XOR 32, L_0x55ae1abf41d0, L_0x55ae1abf4380, C4<00000000000000000000000000000000>, C4<00000000000000000000000000000000>;
v0x55ae1abdd080_0 .net "X", 31 0, L_0x55ae1abf5030;  alias, 1 drivers
v0x55ae1abdd180_0 .net "Y", 31 0, L_0x55ae1abf4510;  alias, 1 drivers
v0x55ae1abdd260_0 .net *"_s1", 16 0, L_0x55ae1abf3c00;  1 drivers
v0x55ae1abdd320_0 .net *"_s10", 31 0, L_0x55ae1abf40a0;  1 drivers
v0x55ae1abdd400_0 .net *"_s12", 31 0, L_0x55ae1abf41d0;  1 drivers
v0x55ae1abdd530_0 .net *"_s14", 31 0, L_0x55ae1abf4380;  1 drivers
v0x55ae1abdd610_0 .net *"_s16", 21 0, L_0x55ae1abf42e0;  1 drivers
L_0x7f59ec36e4e8 .functor BUFT 1, C4<0000000000>, C4<0>, C4<0>, C4<0>;
v0x55ae1abdd6f0_0 .net *"_s18", 9 0, L_0x7f59ec36e4e8;  1 drivers
v0x55ae1abdd7d0_0 .net *"_s3", 14 0, L_0x55ae1abf3cf0;  1 drivers
v0x55ae1abdd940_0 .net *"_s4", 31 0, L_0x55ae1abf3d90;  1 drivers
v0x55ae1abdda20_0 .net *"_s7", 18 0, L_0x55ae1abf3ed0;  1 drivers
v0x55ae1abddb00_0 .net *"_s9", 12 0, L_0x55ae1abf4000;  1 drivers
L_0x55ae1abf3c00 .part L_0x55ae1abf5030, 0, 17;
L_0x55ae1abf3cf0 .part L_0x55ae1abf5030, 17, 15;
L_0x55ae1abf3d90 .concat [ 15 17 0 0], L_0x55ae1abf3cf0, L_0x55ae1abf3c00;
L_0x55ae1abf3ed0 .part L_0x55ae1abf5030, 0, 19;
L_0x55ae1abf4000 .part L_0x55ae1abf5030, 19, 13;
L_0x55ae1abf40a0 .concat [ 13 19 0 0], L_0x55ae1abf4000, L_0x55ae1abf3ed0;
L_0x55ae1abf42e0 .part L_0x55ae1abf5030, 10, 22;
L_0x55ae1abf4380 .concat [ 22 10 0 0], L_0x55ae1abf42e0, L_0x7f59ec36e4e8;
    .scope S_0x55ae1ab92400;
T_0 ;
    %wait E_0x55ae1ab7f600;
    %load/vec4 v0x55ae1abdbe20_0;
    %flag_set/vec4 8;
    %jmp/0xz  T_0.0, 8;
    %load/vec4 v0x55ae1abdada0_0;
    %assign/vec4 v0x55ae1abc5710_0, 0;
    %load/vec4 v0x55ae1abdaf40_0;
    %assign/vec4 v0x55ae1abda260_0, 0;
    %load/vec4 v0x55ae1abdb100_0;
    %assign/vec4 v0x55ae1abda430_0, 0;
    %load/vec4 v0x55ae1abdb2c0_0;
    %assign/vec4 v0x55ae1abda690_0, 0;
    %load/vec4 v0x55ae1abdb480_0;
    %assign/vec4 v0x55ae1abda830_0, 0;
    %load/vec4 v0x55ae1abdb640_0;
    %assign/vec4 v0x55ae1abda990_0, 0;
    %load/vec4 v0x55ae1abdb800_0;
    %assign/vec4 v0x55ae1abdab30_0, 0;
    %load/vec4 v0x55ae1abdb9c0_0;
    %assign/vec4 v0x55ae1abdacd0_0, 0;
    %jmp T_0.1;
T_0.0 ;
    %load/vec4 v0x55ae1abdbec0_0;
    %flag_set/vec4 8;
    %jmp/0xz  T_0.2, 8;
    %load/vec4 v0x55ae1abda1a0_0;
    %assign/vec4 v0x55ae1abc5710_0, 0;
    %load/vec4 v0x55ae1abda360_0;
    %assign/vec4 v0x55ae1abda260_0, 0;
    %load/vec4 v0x55ae1abda520_0;
    %assign/vec4 v0x55ae1abda430_0, 0;
    %load/vec4 v0x55ae1abda760_0;
    %assign/vec4 v0x55ae1abda690_0, 0;
    %load/vec4 v0x55ae1abda8d0_0;
    %assign/vec4 v0x55ae1abda830_0, 0;
    %load/vec4 v0x55ae1abdaa60_0;
    %assign/vec4 v0x55ae1abda990_0, 0;
    %load/vec4 v0x55ae1abdac00_0;
    %assign/vec4 v0x55ae1abdab30_0, 0;
    %load/vec4 v0x55ae1abdbb80_0;
    %assign/vec4 v0x55ae1abdacd0_0, 0;
    %jmp T_0.3;
T_0.2 ;
    %load/vec4 v0x55ae1abc5710_0;
    %assign/vec4 v0x55ae1abc5710_0, 0;
    %load/vec4 v0x55ae1abda260_0;
    %assign/vec4 v0x55ae1abda260_0, 0;
    %load/vec4 v0x55ae1abda430_0;
    %assign/vec4 v0x55ae1abda430_0, 0;
    %load/vec4 v0x55ae1abda690_0;
    %assign/vec4 v0x55ae1abda690_0, 0;
    %load/vec4 v0x55ae1abda830_0;
    %assign/vec4 v0x55ae1abda830_0, 0;
    %load/vec4 v0x55ae1abda990_0;
    %assign/vec4 v0x55ae1abda990_0, 0;
    %load/vec4 v0x55ae1abdab30_0;
    %assign/vec4 v0x55ae1abdab30_0, 0;
    %load/vec4 v0x55ae1abdacd0_0;
    %assign/vec4 v0x55ae1abdacd0_0, 0;
T_0.3 ;
T_0.1 ;
    %jmp T_0;
    .thread T_0;
    .scope S_0x55ae1ab91e60;
T_1 ;
    %wait E_0x55ae1ab81600;
    %load/vec4 v0x55ae1abdf240_0;
    %cmpi/e 1, 0, 1;
    %jmp/0xz  T_1.0, 4;
    %ix/load 4, 63, 0;
    %flag_set/imm 4, 0;
    %load/vec4a v0x55ae1abe0d70, 4;
    %store/vec4 v0x55ae1abe1800_0, 0, 32;
    %jmp T_1.1;
T_1.0 ;
    %load/vec4 v0x55ae1abe0ca0_0;
    %store/vec4 v0x55ae1abe1800_0, 0, 32;
T_1.1 ;
    %jmp T_1;
    .thread T_1, $push;
    .scope S_0x55ae1ab91e60;
T_2 ;
    %wait E_0x55ae1ab811b0;
    %load/vec4 v0x55ae1abe0860_0;
    %flag_set/vec4 8;
    %jmp/0xz  T_2.0, 8;
    %pushi/vec4 0, 0, 7;
    %assign/vec4 v0x55ae1abdeec0_0, 0;
    %pushi/vec4 1, 0, 7;
    %assign/vec4 v0x55ae1abdede0_0, 0;
    %pushi/vec4 9, 0, 7;
    %assign/vec4 v0x55ae1abdf080_0, 0;
    %pushi/vec4 14, 0, 7;
    %assign/vec4 v0x55ae1abdefa0_0, 0;
    %pushi/vec4 16, 0, 7;
    %assign/vec4 v0x55ae1abded20_0, 0;
    %pushi/vec4 0, 0, 32;
    %store/vec4 v0x55ae1abdfa70_0, 0, 32;
T_2.2 ;
    %load/vec4 v0x55ae1abdfa70_0;
    %cmpi/s 16, 0, 32;
    %jmp/0xz T_2.3, 5;
    %load/vec4 v0x55ae1abe06c0_0;
    %pushi/vec4 480, 0, 34;
    %load/vec4 v0x55ae1abdfa70_0;
    %muli 32, 0, 32;
    %pad/s 34;
    %sub;
    %part/s 32;
    %ix/getv/s 3, v0x55ae1abdfa70_0;
    %ix/load 4, 0, 0; Constant delay
    %assign/vec4/a/d v0x55ae1abe0d70, 0, 4;
    %load/vec4 v0x55ae1abdfa70_0;
    %pushi/vec4 1, 0, 32;
    %add;
    %store/vec4 v0x55ae1abdfa70_0, 0, 32;
    %jmp T_2.2;
T_2.3 ;
    %pushi/vec4 16, 0, 32;
    %store/vec4 v0x55ae1abdfa70_0, 0, 32;
T_2.4 ;
    %load/vec4 v0x55ae1abdfa70_0;
    %cmpi/s 64, 0, 32;
    %jmp/0xz T_2.5, 5;
    %pushi/vec4 0, 0, 32;
    %ix/getv/s 3, v0x55ae1abdfa70_0;
    %ix/load 4, 0, 0; Constant delay
    %assign/vec4/a/d v0x55ae1abe0d70, 0, 4;
    %load/vec4 v0x55ae1abdfa70_0;
    %pushi/vec4 1, 0, 32;
    %add;
    %store/vec4 v0x55ae1abdfa70_0, 0, 32;
    %jmp T_2.4;
T_2.5 ;
    %jmp T_2.1;
T_2.0 ;
    %load/vec4 v0x55ae1abdefa0_0;
    %addi 1, 0, 7;
    %assign/vec4 v0x55ae1abdefa0_0, 0;
    %load/vec4 v0x55ae1abdf080_0;
    %addi 1, 0, 7;
    %assign/vec4 v0x55ae1abdf080_0, 0;
    %load/vec4 v0x55ae1abdede0_0;
    %addi 1, 0, 7;
    %assign/vec4 v0x55ae1abdede0_0, 0;
    %load/vec4 v0x55ae1abdeec0_0;
    %addi 1, 0, 7;
    %assign/vec4 v0x55ae1abdeec0_0, 0;
    %load/vec4 v0x55ae1abe1800_0;
    %load/vec4 v0x55ae1abded20_0;
    %pad/u 8;
    %ix/vec4 3;
    %ix/load 4, 0, 0; Constant delay
    %assign/vec4/a/d v0x55ae1abe0d70, 0, 4;
    %load/vec4 v0x55ae1abded20_0;
    %cmpi/e 63, 0, 7;
    %jmp/0xz  T_2.6, 4;
    %load/vec4 v0x55ae1abded20_0;
    %assign/vec4 v0x55ae1abded20_0, 0;
    %pushi/vec4 1, 0, 1;
    %assign/vec4 v0x55ae1abdf240_0, 0;
    %jmp T_2.7;
T_2.6 ;
    %load/vec4 v0x55ae1abded20_0;
    %addi 1, 0, 7;
    %assign/vec4 v0x55ae1abded20_0, 0;
    %pushi/vec4 0, 0, 1;
    %assign/vec4 v0x55ae1abdf240_0, 0;
T_2.7 ;
T_2.1 ;
    %jmp T_2;
    .thread T_2;
    .scope S_0x55ae1ab91e60;
T_3 ;
    %wait E_0x55ae1ab831b0;
    %load/vec4 v0x55ae1abe0860_0;
    %assign/vec4 v0x55ae1abe0920_0, 0;
    %jmp T_3;
    .thread T_3;
    .scope S_0x55ae1ab91e60;
T_4 ;
    %wait E_0x55ae1ab7f600;
    %load/vec4 v0x55ae1abe0920_0;
    %flag_set/vec4 8;
    %jmp/0xz  T_4.0, 8;
    %pushi/vec4 0, 0, 7;
    %assign/vec4 v0x55ae1abdf160_0, 0;
    %pushi/vec4 0, 0, 1;
    %assign/vec4 v0x55ae1abe07a0_0, 0;
    %jmp T_4.1;
T_4.0 ;
    %load/vec4 v0x55ae1abdf160_0;
    %cmpi/e 63, 0, 7;
    %jmp/0xz  T_4.2, 4;
    %load/vec4 v0x55ae1abdf160_0;
    %assign/vec4 v0x55ae1abdf160_0, 0;
    %pushi/vec4 1, 0, 1;
    %assign/vec4 v0x55ae1abe07a0_0, 0;
    %jmp T_4.3;
T_4.2 ;
    %load/vec4 v0x55ae1abdf160_0;
    %addi 1, 0, 7;
    %assign/vec4 v0x55ae1abdf160_0, 0;
    %pushi/vec4 0, 0, 1;
    %assign/vec4 v0x55ae1abe07a0_0, 0;
T_4.3 ;
T_4.1 ;
    %jmp T_4;
    .thread T_4;
    .scope S_0x55ae1ab91e60;
T_5 ;
    %wait E_0x55ae1ab7f600;
    %load/vec4 v0x55ae1abe0920_0;
    %flag_set/vec4 8;
    %jmp/0xz  T_5.0, 8;
    %ix/load 4, 0, 0;
    %flag_set/imm 4, 0;
    %load/vec4a v0x55ae1abe0d70, 4;
    %assign/vec4 v0x55ae1abe18e0_0, 0;
    %ix/load 4, 0, 0;
    %flag_set/imm 4, 0;
    %load/vec4a v0x55ae1abdfb30, 4;
    %assign/vec4 v0x55ae1abe0600_0, 0;
    %jmp T_5.1;
T_5.0 ;
    %load/vec4 v0x55ae1abdf160_0;
    %cmpi/u 62, 0, 7;
    %flag_or 5, 4;
    %jmp/0xz  T_5.2, 5;
    %load/vec4 v0x55ae1abdf160_0;
    %pad/u 33;
    %addi 1, 0, 33;
    %ix/vec4 4;
    %load/vec4a v0x55ae1abe0d70, 4;
    %assign/vec4 v0x55ae1abe18e0_0, 0;
    %load/vec4 v0x55ae1abdf160_0;
    %pad/u 33;
    %addi 1, 0, 33;
    %ix/vec4 4;
    %load/vec4a v0x55ae1abdfb30, 4;
    %assign/vec4 v0x55ae1abe0600_0, 0;
    %jmp T_5.3;
T_5.2 ;
    %pushi/vec4 0, 0, 32;
    %assign/vec4 v0x55ae1abe18e0_0, 0;
    %pushi/vec4 0, 0, 32;
    %assign/vec4 v0x55ae1abe0600_0, 0;
T_5.3 ;
T_5.1 ;
    %jmp T_5;
    .thread T_5;
    .scope S_0x55ae1ab945c0;
T_6 ;
    %delay 5, 0;
    %load/vec4 v0x55ae1abe1a90_0;
    %inv;
    %store/vec4 v0x55ae1abe1a90_0, 0, 1;
    %jmp T_6;
    .thread T_6;
    .scope S_0x55ae1ab945c0;
T_7 ;
    %pushi/vec4 1, 0, 1;
    %store/vec4 v0x55ae1abe1a90_0, 0, 1;
    %pushi/vec4 1, 0, 1;
    %store/vec4 v0x55ae1abe1f20_0, 0, 1;
    %delay 100, 0;
    %pushi/vec4 0, 0, 1;
    %store/vec4 v0x55ae1abe1f20_0, 0, 1;
    %pushi/vec4 0, 0, 32;
    %store/vec4 v0x55ae1abe1cb0_0, 0, 32;
T_7.0 ;
    %load/vec4 v0x55ae1abe1e30_0;
    %pad/u 32;
    %cmpi/e 0, 0, 32;
    %jmp/0xz T_7.1, 4;
    %wait E_0x55ae1ab831b0;
    %load/vec4 v0x55ae1abe1cb0_0;
    %pushi/vec4 1, 0, 32;
    %add;
    %store/vec4 v0x55ae1abe1cb0_0, 0, 32;
    %vpi_call 2 31 "$display", "Output %h Count %d", v0x55ae1abe1ba0_0, v0x55ae1abe1cb0_0 {0 0 0};
    %jmp T_7.0;
T_7.1 ;
    %end;
    .thread T_7;
# The file index is used to find the file name in the following table.
:file_names 3;
    "N/A";
    "<interactive>";
    "sha256_ams.v";
