#! /usr/bin/vvp
:ivl_version "10.3 (stable)";
:ivl_delay_selection "TYPICAL";
:vpi_time_precision - 9;
:vpi_module "system";
:vpi_module "vhdl_sys";
:vpi_module "v2005_math";
:vpi_module "va_math";
S_0x564d3ee50380 .scope module, "sha256_tb" "sha256_tb" 2 3;
 .timescale -9 -9;
v0x564d3eeb1170_0 .var "clk", 0 0;
v0x564d3eeb1230_0 .net "hashvalue", 255 0, L_0x564d3eec2340;  1 drivers
v0x564d3eeb12f0_0 .var/i "i", 31 0;
L_0x7f12da9e2018 .functor BUFT 1, C4<01110000011100100110111101101010011001010110001101110100011001100111000001100111011000010010111001100011011011110110110110000000000000000000000000000000000000000000000000000000000000000000000000000000000000000000000000000000000000000000000000000000000000000000000000000000000000000000000000000000000000000000000000000000000000000000000000000000000000000000000000000000000000000000000000000000000000000000000000000000000000000000000000000000000000000000000000000000000000000000000000000000000000000000000001111000>, C4<0>, C4<0>, C4<0>;
v0x564d3eeb1390_0 .net "message", 511 0, L_0x7f12da9e2018;  1 drivers
v0x564d3eeb1480_0 .net "ready", 0 0, L_0x564d3eec2800;  1 drivers
v0x564d3eeb1570_0 .var "reset", 0 0;
S_0x564d3ee85860 .scope module, "sha256_block" "sha256_block" 2 39, 2 53 0, S_0x564d3ee50380;
 .timescale -9 -9;
    .port_info 0 /INPUT 1 "clk"
    .port_info 1 /INPUT 512 "M_in"
    .port_info 2 /INPUT 1 "input_valid"
    .port_info 3 /OUTPUT 256 "H_out"
    .port_info 4 /OUTPUT 1 "output_valid"
L_0x564d3eec5480 .functor XOR 32, L_0x564d3eec5590, L_0x564d3eec58a0, C4<00000000000000000000000000000000>, C4<00000000000000000000000000000000>;
L_0x564d3eec5cb0 .functor XOR 32, L_0x564d3eec5480, L_0x564d3eec5b70, C4<00000000000000000000000000000000>, C4<00000000000000000000000000000000>;
L_0x564d3eec6460 .functor XOR 32, L_0x564d3eec5f60, L_0x564d3eec6370, C4<00000000000000000000000000000000>, C4<00000000000000000000000000000000>;
L_0x564d3eec6830 .functor XOR 32, L_0x564d3eec6460, L_0x564d3eec66f0, C4<00000000000000000000000000000000>, C4<00000000000000000000000000000000>;
v0x564d3eea9940_0 .net "H_out", 255 0, L_0x564d3eec2340;  alias, 1 drivers
v0x564d3eeace10_0 .net "Kj", 31 0, L_0x564d3eec79a0;  1 drivers
v0x564d3eeaced0_0 .net "M_in", 511 0, L_0x7f12da9e2018;  alias, 1 drivers
v0x564d3eeacf90_0 .net "W_stack_d", 511 0, L_0x564d3eec6ad0;  1 drivers
v0x564d3eead070_0 .var "W_stack_q", 511 0;
v0x564d3eead1a0_0 .net "W_tm15", 31 0, L_0x564d3eec6e50;  1 drivers
v0x564d3eead280_0 .net "W_tm16", 31 0, L_0x564d3eec70a0;  1 drivers
v0x564d3eead360_0 .net "W_tm2", 31 0, L_0x564d3eec6db0;  1 drivers
v0x564d3eead440_0 .net "W_tm7", 31 0, L_0x564d3eec7000;  1 drivers
v0x564d3eead520_0 .net "Wj", 31 0, L_0x564d3eec6bc0;  1 drivers
v0x564d3eead5e0_0 .net "Wt_next", 31 0, L_0x564d3eec7140;  1 drivers
v0x564d3eead6a0_0 .net *"_s100", 31 0, L_0x564d3eec7260;  1 drivers
v0x564d3eead780_0 .net *"_s102", 31 0, L_0x564d3eec73c0;  1 drivers
v0x564d3eead860_0 .net *"_s16", 31 0, L_0x564d3eec1830;  1 drivers
v0x564d3eead940_0 .net *"_s18", 31 0, L_0x564d3eec19c0;  1 drivers
v0x564d3eeada20_0 .net *"_s20", 31 0, L_0x564d3eec1b00;  1 drivers
v0x564d3eeadb00_0 .net *"_s22", 31 0, L_0x564d3eec1c40;  1 drivers
v0x564d3eeadbe0_0 .net *"_s24", 31 0, L_0x564d3eec1db0;  1 drivers
v0x564d3eeadcc0_0 .net *"_s26", 31 0, L_0x564d3eec1ef0;  1 drivers
v0x564d3eeadda0_0 .net *"_s28", 31 0, L_0x564d3eec2070;  1 drivers
v0x564d3eeade80_0 .net *"_s30", 31 0, L_0x564d3eec21b0;  1 drivers
v0x564d3eeadf60_0 .net *"_s34", 31 0, L_0x564d3eec2700;  1 drivers
L_0x7f12da9e22a0 .functor BUFT 1, C4<0000000000000000000000000>, C4<0>, C4<0>, C4<0>;
v0x564d3eeae040_0 .net *"_s37", 24 0, L_0x7f12da9e22a0;  1 drivers
L_0x7f12da9e22e8 .functor BUFT 1, C4<00000000000000000000000001000000>, C4<0>, C4<0>, C4<0>;
v0x564d3eeae120_0 .net/2u *"_s38", 31 0, L_0x7f12da9e22e8;  1 drivers
v0x564d3eeae200_0 .net *"_s43", 6 0, L_0x564d3eec53e0;  1 drivers
v0x564d3eeae2e0_0 .net *"_s45", 24 0, L_0x564d3eec54f0;  1 drivers
v0x564d3eeae3c0_0 .net *"_s46", 31 0, L_0x564d3eec5590;  1 drivers
v0x564d3eeae4a0_0 .net *"_s49", 17 0, L_0x564d3eec56d0;  1 drivers
v0x564d3eeae580_0 .net *"_s51", 13 0, L_0x564d3eec5770;  1 drivers
v0x564d3eeae660_0 .net *"_s52", 31 0, L_0x564d3eec58a0;  1 drivers
v0x564d3eeae740_0 .net *"_s54", 31 0, L_0x564d3eec5480;  1 drivers
v0x564d3eeae820_0 .net *"_s56", 31 0, L_0x564d3eec5b70;  1 drivers
v0x564d3eeae900_0 .net *"_s58", 28 0, L_0x564d3eec5a30;  1 drivers
L_0x7f12da9e2330 .functor BUFT 1, C4<000>, C4<0>, C4<0>, C4<0>;
v0x564d3eeae9e0_0 .net *"_s60", 2 0, L_0x7f12da9e2330;  1 drivers
v0x564d3eeaeac0_0 .net *"_s65", 16 0, L_0x564d3eec5dc0;  1 drivers
v0x564d3eeaeba0_0 .net *"_s67", 14 0, L_0x564d3eec5ad0;  1 drivers
v0x564d3eeaec80_0 .net *"_s68", 31 0, L_0x564d3eec5f60;  1 drivers
v0x564d3eeaed60_0 .net *"_s71", 18 0, L_0x564d3eec6160;  1 drivers
v0x564d3eeaee40_0 .net *"_s73", 12 0, L_0x564d3eec6200;  1 drivers
v0x564d3eeaef20_0 .net *"_s74", 31 0, L_0x564d3eec6370;  1 drivers
v0x564d3eeaf000_0 .net *"_s76", 31 0, L_0x564d3eec6460;  1 drivers
v0x564d3eeaf0e0_0 .net *"_s78", 31 0, L_0x564d3eec66f0;  1 drivers
v0x564d3eeaf1c0_0 .net *"_s80", 21 0, L_0x564d3eec6570;  1 drivers
L_0x7f12da9e2378 .functor BUFT 1, C4<0000000000>, C4<0>, C4<0>, C4<0>;
v0x564d3eeaf2a0_0 .net *"_s82", 9 0, L_0x7f12da9e2378;  1 drivers
v0x564d3eeaf380_0 .net *"_s87", 479 0, L_0x564d3eec6940;  1 drivers
v0x564d3eeaf460_0 .net "a_d", 31 0, L_0x564d3eec4c10;  1 drivers
L_0x7f12da9e2060 .functor BUFT 1, C4<01101010000010011110011001100111>, C4<0>, C4<0>, C4<0>;
v0x564d3eeaf520_0 .net "a_in", 31 0, L_0x7f12da9e2060;  1 drivers
v0x564d3eeaf5e0_0 .var "a_q", 31 0;
v0x564d3eeaf6a0_0 .net "b_d", 31 0, L_0x564d3eec45d0;  1 drivers
L_0x7f12da9e20a8 .functor BUFT 1, C4<10111011011001111010111010000101>, C4<0>, C4<0>, C4<0>;
v0x564d3eeaf740_0 .net "b_in", 31 0, L_0x7f12da9e20a8;  1 drivers
v0x564d3eeaf800_0 .var "b_q", 31 0;
v0x564d3eeaf8f0_0 .net "c_d", 31 0, L_0x564d3eec4000;  1 drivers
L_0x7f12da9e20f0 .functor BUFT 1, C4<00111100011011101111001101110010>, C4<0>, C4<0>, C4<0>;
v0x564d3eeaf9c0_0 .net "c_in", 31 0, L_0x7f12da9e20f0;  1 drivers
v0x564d3eeafa80_0 .var "c_q", 31 0;
v0x564d3eeafb70_0 .net "clk", 0 0, v0x564d3eeb1170_0;  1 drivers
v0x564d3eeafc40_0 .net "d_d", 31 0, L_0x564d3eec4f10;  1 drivers
L_0x7f12da9e2138 .functor BUFT 1, C4<10100101010011111111010100111010>, C4<0>, C4<0>, C4<0>;
v0x564d3eeafd10_0 .net "d_in", 31 0, L_0x7f12da9e2138;  1 drivers
v0x564d3eeafdb0_0 .var "d_q", 31 0;
v0x564d3eeafea0_0 .net "e_d", 31 0, L_0x564d3eec5060;  1 drivers
L_0x7f12da9e2180 .functor BUFT 1, C4<01010001000011100101001001111111>, C4<0>, C4<0>, C4<0>;
v0x564d3eeaff70_0 .net "e_in", 31 0, L_0x7f12da9e2180;  1 drivers
v0x564d3eeb0030_0 .var "e_q", 31 0;
v0x564d3eeb0120_0 .net "f_d", 31 0, L_0x564d3eec5100;  1 drivers
L_0x7f12da9e21c8 .functor BUFT 1, C4<10011011000001010110100010001100>, C4<0>, C4<0>, C4<0>;
v0x564d3eeb01f0_0 .net "f_in", 31 0, L_0x7f12da9e21c8;  1 drivers
v0x564d3eeb02b0_0 .var "f_q", 31 0;
v0x564d3eeb03a0_0 .net "g_d", 31 0, L_0x564d3eec5210;  1 drivers
L_0x7f12da9e2210 .functor BUFT 1, C4<00011111100000111101100110101011>, C4<0>, C4<0>, C4<0>;
v0x564d3eeb0880_0 .net "g_in", 31 0, L_0x7f12da9e2210;  1 drivers
v0x564d3eeb0940_0 .var "g_q", 31 0;
v0x564d3eeb0a30_0 .net "h_d", 31 0, L_0x564d3eec5370;  1 drivers
L_0x7f12da9e2258 .functor BUFT 1, C4<01011011111000001100110100011001>, C4<0>, C4<0>, C4<0>;
v0x564d3eeb0b00_0 .net "h_in", 31 0, L_0x7f12da9e2258;  1 drivers
v0x564d3eeb0bc0_0 .var "h_q", 31 0;
v0x564d3eeb0cb0_0 .net "input_valid", 0 0, v0x564d3eeb1570_0;  1 drivers
v0x564d3eeb0d80_0 .net "output_valid", 0 0, L_0x564d3eec2800;  alias, 1 drivers
v0x564d3eeb0e20_0 .var "round", 6 0;
v0x564d3eeb0ee0_0 .net "s0_Wtm15", 31 0, L_0x564d3eec5cb0;  1 drivers
v0x564d3eeb0fc0_0 .net "s1_Wtm2", 31 0, L_0x564d3eec6830;  1 drivers
L_0x564d3eec1830 .arith/sum 32, L_0x7f12da9e2060, v0x564d3eeaf5e0_0;
L_0x564d3eec19c0 .arith/sum 32, L_0x7f12da9e20a8, v0x564d3eeaf800_0;
L_0x564d3eec1b00 .arith/sum 32, L_0x7f12da9e20f0, v0x564d3eeafa80_0;
L_0x564d3eec1c40 .arith/sum 32, L_0x7f12da9e2138, v0x564d3eeafdb0_0;
L_0x564d3eec1db0 .arith/sum 32, L_0x7f12da9e2180, v0x564d3eeb0030_0;
L_0x564d3eec1ef0 .arith/sum 32, L_0x7f12da9e21c8, v0x564d3eeb02b0_0;
L_0x564d3eec2070 .arith/sum 32, L_0x7f12da9e2210, v0x564d3eeb0940_0;
L_0x564d3eec21b0 .arith/sum 32, L_0x7f12da9e2258, v0x564d3eeb0bc0_0;
LS_0x564d3eec2340_0_0 .concat [ 32 32 32 32], L_0x564d3eec21b0, L_0x564d3eec2070, L_0x564d3eec1ef0, L_0x564d3eec1db0;
LS_0x564d3eec2340_0_4 .concat [ 32 32 32 32], L_0x564d3eec1c40, L_0x564d3eec1b00, L_0x564d3eec19c0, L_0x564d3eec1830;
L_0x564d3eec2340 .concat [ 128 128 0 0], LS_0x564d3eec2340_0_0, LS_0x564d3eec2340_0_4;
L_0x564d3eec2700 .concat [ 7 25 0 0], v0x564d3eeb0e20_0, L_0x7f12da9e22a0;
L_0x564d3eec2800 .cmp/eq 32, L_0x564d3eec2700, L_0x7f12da9e22e8;
L_0x564d3eec53e0 .part L_0x564d3eec6e50, 0, 7;
L_0x564d3eec54f0 .part L_0x564d3eec6e50, 7, 25;
L_0x564d3eec5590 .concat [ 25 7 0 0], L_0x564d3eec54f0, L_0x564d3eec53e0;
L_0x564d3eec56d0 .part L_0x564d3eec6e50, 0, 18;
L_0x564d3eec5770 .part L_0x564d3eec6e50, 18, 14;
L_0x564d3eec58a0 .concat [ 14 18 0 0], L_0x564d3eec5770, L_0x564d3eec56d0;
L_0x564d3eec5a30 .part L_0x564d3eec6e50, 3, 29;
L_0x564d3eec5b70 .concat [ 29 3 0 0], L_0x564d3eec5a30, L_0x7f12da9e2330;
L_0x564d3eec5dc0 .part L_0x564d3eec6db0, 0, 17;
L_0x564d3eec5ad0 .part L_0x564d3eec6db0, 17, 15;
L_0x564d3eec5f60 .concat [ 15 17 0 0], L_0x564d3eec5ad0, L_0x564d3eec5dc0;
L_0x564d3eec6160 .part L_0x564d3eec6db0, 0, 19;
L_0x564d3eec6200 .part L_0x564d3eec6db0, 19, 13;
L_0x564d3eec6370 .concat [ 13 19 0 0], L_0x564d3eec6200, L_0x564d3eec6160;
L_0x564d3eec6570 .part L_0x564d3eec6db0, 10, 22;
L_0x564d3eec66f0 .concat [ 22 10 0 0], L_0x564d3eec6570, L_0x7f12da9e2378;
L_0x564d3eec6940 .part v0x564d3eead070_0, 0, 480;
L_0x564d3eec6ad0 .concat [ 32 480 0 0], L_0x564d3eec7140, L_0x564d3eec6940;
L_0x564d3eec6bc0 .part v0x564d3eead070_0, 480, 32;
L_0x564d3eec6db0 .part v0x564d3eead070_0, 32, 32;
L_0x564d3eec6e50 .part v0x564d3eead070_0, 448, 32;
L_0x564d3eec7000 .part v0x564d3eead070_0, 192, 32;
L_0x564d3eec70a0 .part v0x564d3eead070_0, 480, 32;
L_0x564d3eec7260 .arith/sum 32, L_0x564d3eec6830, L_0x564d3eec7000;
L_0x564d3eec73c0 .arith/sum 32, L_0x564d3eec7260, L_0x564d3eec5cb0;
L_0x564d3eec7140 .arith/sum 32, L_0x564d3eec73c0, L_0x564d3eec70a0;
S_0x564d3ee85410 .scope module, "sha256_K_machine" "sha256_K_machine" 2 158, 2 171 0, S_0x564d3ee85860;
 .timescale -9 -9;
    .port_info 0 /INPUT 1 "clk"
    .port_info 1 /INPUT 1 "rst"
    .port_info 2 /OUTPUT 32 "K"
v0x564d3ee8c870_0 .net "K", 31 0, L_0x564d3eec79a0;  alias, 1 drivers
v0x564d3ee8cdb0_0 .net *"_s1", 2015 0, L_0x564d3eec76d0;  1 drivers
v0x564d3ee70cb0_0 .net *"_s3", 31 0, L_0x564d3eec7770;  1 drivers
v0x564d3eea9360_0 .net "clk", 0 0, v0x564d3eeb1170_0;  alias, 1 drivers
v0x564d3eea9420_0 .net "rom_d", 2047 0, L_0x564d3eec7860;  1 drivers
v0x564d3eea9550_0 .var "rom_q", 2047 0;
v0x564d3eea9630_0 .net "rst", 0 0, v0x564d3eeb1570_0;  alias, 1 drivers
E_0x564d3ee679c0 .event posedge, v0x564d3eea9360_0;
L_0x564d3eec76d0 .part v0x564d3eea9550_0, 0, 2016;
L_0x564d3eec7770 .part v0x564d3eea9550_0, 2016, 32;
L_0x564d3eec7860 .concat [ 32 2016 0 0], L_0x564d3eec7770, L_0x564d3eec76d0;
L_0x564d3eec79a0 .part v0x564d3eea9550_0, 2016, 32;
S_0x564d3eea9770 .scope module, "sha256_round" "sha256_round" 2 108, 2 211 0, S_0x564d3ee85860;
 .timescale -9 -9;
    .port_info 0 /INPUT 32 "Kj"
    .port_info 1 /INPUT 32 "Wj"
    .port_info 2 /INPUT 32 "a_in"
    .port_info 3 /INPUT 32 "b_in"
    .port_info 4 /INPUT 32 "c_in"
    .port_info 5 /INPUT 32 "d_in"
    .port_info 6 /INPUT 32 "e_in"
    .port_info 7 /INPUT 32 "f_in"
    .port_info 8 /INPUT 32 "g_in"
    .port_info 9 /INPUT 32 "h_in"
    .port_info 10 /OUTPUT 32 "a_out"
    .port_info 11 /OUTPUT 32 "b_out"
    .port_info 12 /OUTPUT 32 "c_out"
    .port_info 13 /OUTPUT 32 "d_out"
    .port_info 14 /OUTPUT 32 "e_out"
    .port_info 15 /OUTPUT 32 "f_out"
    .port_info 16 /OUTPUT 32 "g_out"
    .port_info 17 /OUTPUT 32 "h_out"
L_0x564d3eec18d0 .functor AND 32, v0x564d3eeb0030_0, v0x564d3eeb02b0_0, C4<11111111111111111111111111111111>, C4<11111111111111111111111111111111>;
L_0x564d3eec2990 .functor NOT 32, v0x564d3eeb0030_0, C4<00000000000000000000000000000000>, C4<00000000000000000000000000000000>, C4<00000000000000000000000000000000>;
L_0x564d3eec2a00 .functor AND 32, L_0x564d3eec2990, v0x564d3eeb0940_0, C4<11111111111111111111111111111111>, C4<11111111111111111111111111111111>;
L_0x564d3eec2a70 .functor XOR 32, L_0x564d3eec18d0, L_0x564d3eec2a00, C4<00000000000000000000000000000000>, C4<00000000000000000000000000000000>;
L_0x564d3eec2b80 .functor AND 32, v0x564d3eeaf5e0_0, v0x564d3eeaf800_0, C4<11111111111111111111111111111111>, C4<11111111111111111111111111111111>;
L_0x564d3eec2bf0 .functor AND 32, v0x564d3eeaf5e0_0, v0x564d3eeafa80_0, C4<11111111111111111111111111111111>, C4<11111111111111111111111111111111>;
L_0x564d3eec2ca0 .functor XOR 32, L_0x564d3eec2b80, L_0x564d3eec2bf0, C4<00000000000000000000000000000000>, C4<00000000000000000000000000000000>;
L_0x564d3eec2d60 .functor AND 32, v0x564d3eeaf800_0, v0x564d3eeafa80_0, C4<11111111111111111111111111111111>, C4<11111111111111111111111111111111>;
L_0x564d3eec2eb0 .functor XOR 32, L_0x564d3eec2ca0, L_0x564d3eec2d60, C4<00000000000000000000000000000000>, C4<00000000000000000000000000000000>;
L_0x564d3eec3460 .functor XOR 32, L_0x564d3eec3060, L_0x564d3eec32e0, C4<00000000000000000000000000000000>, C4<00000000000000000000000000000000>;
L_0x564d3eec3850 .functor XOR 32, L_0x564d3eec3460, L_0x564d3eec3760, C4<00000000000000000000000000000000>, C4<00000000000000000000000000000000>;
L_0x564d3eec3bf0 .functor XOR 32, L_0x564d3eec3b00, L_0x564d3eec3e20, C4<00000000000000000000000000000000>, C4<00000000000000000000000000000000>;
L_0x564d3eec4420 .functor XOR 32, L_0x564d3eec3bf0, L_0x564d3eec4240, C4<00000000000000000000000000000000>, C4<00000000000000000000000000000000>;
L_0x564d3eec45d0 .functor BUFZ 32, v0x564d3eeaf5e0_0, C4<00000000000000000000000000000000>, C4<00000000000000000000000000000000>, C4<00000000000000000000000000000000>;
L_0x564d3eec4000 .functor BUFZ 32, v0x564d3eeaf800_0, C4<00000000000000000000000000000000>, C4<00000000000000000000000000000000>, C4<00000000000000000000000000000000>;
L_0x564d3eec4f10 .functor BUFZ 32, v0x564d3eeafa80_0, C4<00000000000000000000000000000000>, C4<00000000000000000000000000000000>, C4<00000000000000000000000000000000>;
L_0x564d3eec5100 .functor BUFZ 32, v0x564d3eeb0030_0, C4<00000000000000000000000000000000>, C4<00000000000000000000000000000000>, C4<00000000000000000000000000000000>;
L_0x564d3eec5210 .functor BUFZ 32, v0x564d3eeb02b0_0, C4<00000000000000000000000000000000>, C4<00000000000000000000000000000000>, C4<00000000000000000000000000000000>;
L_0x564d3eec5370 .functor BUFZ 32, v0x564d3eeb0940_0, C4<00000000000000000000000000000000>, C4<00000000000000000000000000000000>, C4<00000000000000000000000000000000>;
v0x564d3eea9ba0_0 .net "Ch_efg", 31 0, L_0x564d3eec2a70;  1 drivers
v0x564d3eea9c80_0 .net "Kj", 31 0, L_0x564d3eec79a0;  alias, 1 drivers
v0x564d3eea9d40_0 .net "Maj_abc", 31 0, L_0x564d3eec2eb0;  1 drivers
v0x564d3eea9de0_0 .net "S0_a", 31 0, L_0x564d3eec3850;  1 drivers
v0x564d3eea9ec0_0 .net "S1_e", 31 0, L_0x564d3eec4420;  1 drivers
v0x564d3eea9ff0_0 .net "T1", 31 0, L_0x564d3eec48d0;  1 drivers
v0x564d3eeaa0d0_0 .net "T2", 31 0, L_0x564d3eec4ad0;  1 drivers
v0x564d3eeaa1b0_0 .net "Wj", 31 0, L_0x564d3eec6bc0;  alias, 1 drivers
v0x564d3eeaa290_0 .net *"_s0", 31 0, L_0x564d3eec18d0;  1 drivers
v0x564d3eeaa370_0 .net *"_s10", 31 0, L_0x564d3eec2bf0;  1 drivers
v0x564d3eeaa450_0 .net *"_s12", 31 0, L_0x564d3eec2ca0;  1 drivers
v0x564d3eeaa530_0 .net *"_s14", 31 0, L_0x564d3eec2d60;  1 drivers
v0x564d3eeaa610_0 .net *"_s19", 1 0, L_0x564d3eec2f20;  1 drivers
v0x564d3eeaa6f0_0 .net *"_s2", 31 0, L_0x564d3eec2990;  1 drivers
v0x564d3eeaa7d0_0 .net *"_s21", 29 0, L_0x564d3eec2fc0;  1 drivers
v0x564d3eeaa8b0_0 .net *"_s22", 31 0, L_0x564d3eec3060;  1 drivers
v0x564d3eeaa990_0 .net *"_s25", 12 0, L_0x564d3eec31a0;  1 drivers
v0x564d3eeaaa70_0 .net *"_s27", 18 0, L_0x564d3eec3240;  1 drivers
v0x564d3eeaab50_0 .net *"_s28", 31 0, L_0x564d3eec32e0;  1 drivers
v0x564d3eeaac30_0 .net *"_s30", 31 0, L_0x564d3eec3460;  1 drivers
v0x564d3eeaad10_0 .net *"_s33", 21 0, L_0x564d3eec35d0;  1 drivers
v0x564d3eeaadf0_0 .net *"_s35", 9 0, L_0x564d3eec3670;  1 drivers
v0x564d3eeaaed0_0 .net *"_s36", 31 0, L_0x564d3eec3760;  1 drivers
v0x564d3eeaafb0_0 .net *"_s4", 31 0, L_0x564d3eec2a00;  1 drivers
v0x564d3eeab090_0 .net *"_s41", 5 0, L_0x564d3eec3960;  1 drivers
v0x564d3eeab170_0 .net *"_s43", 25 0, L_0x564d3eec3a60;  1 drivers
v0x564d3eeab250_0 .net *"_s44", 31 0, L_0x564d3eec3b00;  1 drivers
v0x564d3eeab330_0 .net *"_s47", 10 0, L_0x564d3eec3c60;  1 drivers
v0x564d3eeab410_0 .net *"_s49", 20 0, L_0x564d3eec3d00;  1 drivers
v0x564d3eeab4f0_0 .net *"_s50", 31 0, L_0x564d3eec3e20;  1 drivers
v0x564d3eeab5d0_0 .net *"_s52", 31 0, L_0x564d3eec3bf0;  1 drivers
v0x564d3eeab6b0_0 .net *"_s55", 24 0, L_0x564d3eec4070;  1 drivers
v0x564d3eeab790_0 .net *"_s57", 6 0, L_0x564d3eec41a0;  1 drivers
v0x564d3eeab870_0 .net *"_s58", 31 0, L_0x564d3eec4240;  1 drivers
v0x564d3eeab950_0 .net *"_s62", 31 0, L_0x564d3eec4530;  1 drivers
v0x564d3eeaba30_0 .net *"_s64", 31 0, L_0x564d3eec4690;  1 drivers
v0x564d3eeabb10_0 .net *"_s66", 31 0, L_0x564d3eec4380;  1 drivers
v0x564d3eeabbf0_0 .net *"_s8", 31 0, L_0x564d3eec2b80;  1 drivers
v0x564d3eeabcd0_0 .net "a_in", 31 0, v0x564d3eeaf5e0_0;  1 drivers
v0x564d3eeabdb0_0 .net "a_out", 31 0, L_0x564d3eec4c10;  alias, 1 drivers
v0x564d3eeabe90_0 .net "b_in", 31 0, v0x564d3eeaf800_0;  1 drivers
v0x564d3eeabf70_0 .net "b_out", 31 0, L_0x564d3eec45d0;  alias, 1 drivers
v0x564d3eeac050_0 .net "c_in", 31 0, v0x564d3eeafa80_0;  1 drivers
v0x564d3eeac130_0 .net "c_out", 31 0, L_0x564d3eec4000;  alias, 1 drivers
v0x564d3eeac210_0 .net "d_in", 31 0, v0x564d3eeafdb0_0;  1 drivers
v0x564d3eeac2f0_0 .net "d_out", 31 0, L_0x564d3eec4f10;  alias, 1 drivers
v0x564d3eeac3d0_0 .net "e_in", 31 0, v0x564d3eeb0030_0;  1 drivers
v0x564d3eeac4b0_0 .net "e_out", 31 0, L_0x564d3eec5060;  alias, 1 drivers
v0x564d3eeac590_0 .net "f_in", 31 0, v0x564d3eeb02b0_0;  1 drivers
v0x564d3eeac670_0 .net "f_out", 31 0, L_0x564d3eec5100;  alias, 1 drivers
v0x564d3eeac750_0 .net "g_in", 31 0, v0x564d3eeb0940_0;  1 drivers
v0x564d3eeac830_0 .net "g_out", 31 0, L_0x564d3eec5210;  alias, 1 drivers
v0x564d3eeac910_0 .net "h_in", 31 0, v0x564d3eeb0bc0_0;  1 drivers
v0x564d3eeac9f0_0 .net "h_out", 31 0, L_0x564d3eec5370;  alias, 1 drivers
L_0x564d3eec2f20 .part v0x564d3eeaf5e0_0, 0, 2;
L_0x564d3eec2fc0 .part v0x564d3eeaf5e0_0, 2, 30;
L_0x564d3eec3060 .concat [ 30 2 0 0], L_0x564d3eec2fc0, L_0x564d3eec2f20;
L_0x564d3eec31a0 .part v0x564d3eeaf5e0_0, 0, 13;
L_0x564d3eec3240 .part v0x564d3eeaf5e0_0, 13, 19;
L_0x564d3eec32e0 .concat [ 19 13 0 0], L_0x564d3eec3240, L_0x564d3eec31a0;
L_0x564d3eec35d0 .part v0x564d3eeaf5e0_0, 0, 22;
L_0x564d3eec3670 .part v0x564d3eeaf5e0_0, 22, 10;
L_0x564d3eec3760 .concat [ 10 22 0 0], L_0x564d3eec3670, L_0x564d3eec35d0;
L_0x564d3eec3960 .part v0x564d3eeb0030_0, 0, 6;
L_0x564d3eec3a60 .part v0x564d3eeb0030_0, 6, 26;
L_0x564d3eec3b00 .concat [ 26 6 0 0], L_0x564d3eec3a60, L_0x564d3eec3960;
L_0x564d3eec3c60 .part v0x564d3eeb0030_0, 0, 11;
L_0x564d3eec3d00 .part v0x564d3eeb0030_0, 11, 21;
L_0x564d3eec3e20 .concat [ 21 11 0 0], L_0x564d3eec3d00, L_0x564d3eec3c60;
L_0x564d3eec4070 .part v0x564d3eeb0030_0, 0, 25;
L_0x564d3eec41a0 .part v0x564d3eeb0030_0, 25, 7;
L_0x564d3eec4240 .concat [ 7 25 0 0], L_0x564d3eec41a0, L_0x564d3eec4070;
L_0x564d3eec4530 .arith/sum 32, v0x564d3eeb0bc0_0, L_0x564d3eec4420;
L_0x564d3eec4690 .arith/sum 32, L_0x564d3eec4530, L_0x564d3eec2a70;
L_0x564d3eec4380 .arith/sum 32, L_0x564d3eec4690, L_0x564d3eec79a0;
L_0x564d3eec48d0 .arith/sum 32, L_0x564d3eec4380, L_0x564d3eec6bc0;
L_0x564d3eec4ad0 .arith/sum 32, L_0x564d3eec3850, L_0x564d3eec2eb0;
L_0x564d3eec4c10 .arith/sum 32, L_0x564d3eec48d0, L_0x564d3eec4ad0;
L_0x564d3eec5060 .arith/sum 32, v0x564d3eeafdb0_0, L_0x564d3eec48d0;
    .scope S_0x564d3ee85410;
T_0 ;
    %wait E_0x564d3ee679c0;
    %load/vec4 v0x564d3eea9630_0;
    %flag_set/vec4 8;
    %jmp/0xz  T_0.0, 8;
    %pushi/vec4 2232704816, 0, 33;
    %concati/vec4 3798894883, 0, 32;
    %concati/vec4 3607359295, 0, 33;
    %concati/vec4 2799136404, 0, 32;
    %concati/vec4 3847948653, 0, 32;
    %concati/vec4 3481833356, 0, 33;
    %concati/vec4 2449216805, 0, 32;
    %concati/vec4 2982538589, 0, 33;
    %concati/vec4 2155522433, 0, 32;
    %concati/vec4 2698428489, 0, 34;
    %concati/vec4 3323394388, 0, 36;
    %concati/vec4 3353098027, 0, 34;
    %concati/vec4 3856091149, 0, 32;
    %concati/vec4 3944737213, 0, 32;
    %concati/vec4 3228204057, 0, 32;
    %concati/vec4 3205975625, 0, 32;
    %concati/vec4 3063684859, 0, 32;
    %concati/vec4 3833094396, 0, 32;
    %concati/vec4 3470987782, 0, 35;
    %concati/vec4 2714512873, 0, 33;
    %concati/vec4 2981964242, 0, 34;
    %concati/vec4 2504758805, 0, 35;
    %concati/vec4 3996875972, 0, 34;
    %concati/vec4 3667410513, 0, 33;
    %concati/vec4 2773509004, 0, 33;
    %concati/vec4 3680503375, 0, 32;
    %concati/vec4 2440999679, 0, 32;
    %concati/vec4 2408431639, 0, 32;
    %concati/vec4 3886763810, 0, 32;
    %concati/vec4 2383254726, 0, 32;
    %concati/vec4 2720551506, 0, 32;
    %concati/vec4 3461312021, 0, 32;
    %concati/vec4 2781045799, 0, 36;
    %concati/vec4 2589514744, 0, 36;
    %concati/vec4 2792364582, 0, 32;
    %concati/vec4 3390367400, 0, 32;
    %concati/vec4 3973322103, 0, 32;
    %concati/vec4 3781465929, 0, 38;
    %concati/vec4 3831040837, 0, 34;
    %concati/vec4 4288841376, 0, 33;
    %concati/vec4 3543293458, 0, 33;
    %concati/vec4 3099004022, 0, 33;
    %concati/vec4 3306831129, 0, 32;
    %concati/vec4 3120985510, 0, 34;
    %concati/vec4 2199026183, 0, 33;
    %concati/vec4 3591651754, 0, 35;
    %concati/vec4 2176870035, 0, 32;
    %concati/vec4 2333023158, 0, 37;
    %concati/vec4 2188674932, 0, 37;
    %concati/vec4 3276475339, 0, 32;
    %concati/vec4 2804122006, 0, 33;
    %concati/vec4 3551931026, 0, 33;
    %concati/vec4 2531734163, 0, 32;
    %concati/vec4 3658193916, 0, 32;
    %concati/vec4 3710116027, 0, 32;
    %concati/vec4 2653509851, 0, 32;
    %concati/vec4 3778158085, 0, 32;
    %concati/vec4 2361852424, 0, 34;
    %concati/vec4 2428436474, 0, 32;
    %concati/vec4 2756734187, 0, 32;
    %concati/vec4 3204031479, 0, 32;
    %concati/vec4 3329325298, 0, 32;
    %assign/vec4 v0x564d3eea9550_0, 0;
    %jmp T_0.1;
T_0.0 ;
    %load/vec4 v0x564d3eea9420_0;
    %assign/vec4 v0x564d3eea9550_0, 0;
T_0.1 ;
    %jmp T_0;
    .thread T_0;
    .scope S_0x564d3ee85860;
T_1 ;
    %wait E_0x564d3ee679c0;
    %load/vec4 v0x564d3eeb0cb0_0;
    %flag_set/vec4 8;
    %jmp/0xz  T_1.0, 8;
    %load/vec4 v0x564d3eeaf520_0;
    %assign/vec4 v0x564d3eeaf5e0_0, 0;
    %load/vec4 v0x564d3eeaf740_0;
    %assign/vec4 v0x564d3eeaf800_0, 0;
    %load/vec4 v0x564d3eeaf9c0_0;
    %assign/vec4 v0x564d3eeafa80_0, 0;
    %load/vec4 v0x564d3eeafd10_0;
    %assign/vec4 v0x564d3eeafdb0_0, 0;
    %load/vec4 v0x564d3eeaff70_0;
    %assign/vec4 v0x564d3eeb0030_0, 0;
    %load/vec4 v0x564d3eeb01f0_0;
    %assign/vec4 v0x564d3eeb02b0_0, 0;
    %load/vec4 v0x564d3eeb0880_0;
    %assign/vec4 v0x564d3eeb0940_0, 0;
    %load/vec4 v0x564d3eeb0b00_0;
    %assign/vec4 v0x564d3eeb0bc0_0, 0;
    %pushi/vec4 0, 0, 7;
    %assign/vec4 v0x564d3eeb0e20_0, 0;
    %jmp T_1.1;
T_1.0 ;
    %load/vec4 v0x564d3eeaf460_0;
    %assign/vec4 v0x564d3eeaf5e0_0, 0;
    %load/vec4 v0x564d3eeaf6a0_0;
    %assign/vec4 v0x564d3eeaf800_0, 0;
    %load/vec4 v0x564d3eeaf8f0_0;
    %assign/vec4 v0x564d3eeafa80_0, 0;
    %load/vec4 v0x564d3eeafc40_0;
    %assign/vec4 v0x564d3eeafdb0_0, 0;
    %load/vec4 v0x564d3eeafea0_0;
    %assign/vec4 v0x564d3eeb0030_0, 0;
    %load/vec4 v0x564d3eeb0120_0;
    %assign/vec4 v0x564d3eeb02b0_0, 0;
    %load/vec4 v0x564d3eeb03a0_0;
    %assign/vec4 v0x564d3eeb0940_0, 0;
    %load/vec4 v0x564d3eeb0a30_0;
    %assign/vec4 v0x564d3eeb0bc0_0, 0;
    %load/vec4 v0x564d3eeb0e20_0;
    %addi 1, 0, 7;
    %assign/vec4 v0x564d3eeb0e20_0, 0;
T_1.1 ;
    %jmp T_1;
    .thread T_1;
    .scope S_0x564d3ee85860;
T_2 ;
    %wait E_0x564d3ee679c0;
    %load/vec4 v0x564d3eeb0cb0_0;
    %flag_set/vec4 8;
    %jmp/0xz  T_2.0, 8;
    %load/vec4 v0x564d3eeaced0_0;
    %assign/vec4 v0x564d3eead070_0, 0;
    %jmp T_2.1;
T_2.0 ;
    %load/vec4 v0x564d3eeacf90_0;
    %assign/vec4 v0x564d3eead070_0, 0;
T_2.1 ;
    %jmp T_2;
    .thread T_2;
    .scope S_0x564d3ee50380;
T_3 ;
    %delay 5, 0;
    %load/vec4 v0x564d3eeb1170_0;
    %inv;
    %store/vec4 v0x564d3eeb1170_0, 0, 1;
    %jmp T_3;
    .thread T_3;
    .scope S_0x564d3ee50380;
T_4 ;
    %pushi/vec4 1, 0, 1;
    %store/vec4 v0x564d3eeb1170_0, 0, 1;
    %pushi/vec4 0, 0, 1;
    %store/vec4 v0x564d3eeb1570_0, 0, 1;
    %delay 100, 0;
    %pushi/vec4 1, 0, 1;
    %store/vec4 v0x564d3eeb1570_0, 0, 1;
    %delay 100, 0;
    %pushi/vec4 0, 0, 1;
    %store/vec4 v0x564d3eeb1570_0, 0, 1;
    %pushi/vec4 0, 0, 32;
    %store/vec4 v0x564d3eeb12f0_0, 0, 32;
T_4.0 ;
    %load/vec4 v0x564d3eeb12f0_0;
    %cmpi/s 1000, 0, 32;
    %jmp/0xz T_4.1, 5;
    %wait E_0x564d3ee679c0;
    %vpi_call 2 29 "$display", "Count %d, Output %h, Ready %d", v0x564d3eeb12f0_0, v0x564d3eeb1230_0, v0x564d3eeb1480_0 {0 0 0};
    %load/vec4 v0x564d3eeb1480_0;
    %flag_set/vec4 8;
    %jmp/0xz  T_4.2, 8;
    %vpi_call 2 32 "$finish" {0 0 0};
T_4.2 ;
    %load/vec4 v0x564d3eeb12f0_0;
    %addi 1, 0, 32;
    %store/vec4 v0x564d3eeb12f0_0, 0, 32;
    %jmp T_4.0;
T_4.1 ;
    %end;
    .thread T_4;
# The file index is used to find the file name in the following table.
:file_names 3;
    "N/A";
    "<interactive>";
    "sha256_anto.v";
